{"numTotalTestSuites":21,"numPassedTestSuites":21,"numFailedTestSuites":0,"numPendingTestSuites":0,"numTotalTests":59,"numPassedTests":59,"numFailedTests":0,"numPendingTests":0,"numTodoTests":0,"snapshot":{"added":0,"failure":false,"filesAdded":0,"filesRemoved":0,"filesRemovedList":[],"filesUnmatched":0,"filesUpdated":0,"matched":0,"total":0,"unchecked":0,"uncheckedKeysByFile":[],"unmatched":0,"updated":0,"didUpdate":false},"startTime":1785899864697,"success":true,"testResults":[{"assertionResults":[{"ancestorTitles":["backup-service module"],"fullName":"backup-service module should_exposePublicApi_when_imported","status":"passed","title":"should_exposePublicApi_when_imported","duration":4.987006000000292,"failureMessages":[],"meta":{},"tags":[]}],"startTime":1785899870782,"endTime":1785899870786.987,"status":"passed","message":"","name":"/dev-server/src/__tests__/backup/backup-service.test.ts"},{"assertionResults":[{"ancestorTitles":["BackupService.createBackup"],"fullName":"BackupService.createBackup erzeugt ein valides ZIP mit allen Pflichtdateien","status":"passed","title":"erzeugt ein valides ZIP mit allen Pflichtdateien","duration":79.03547299999991,"failureMessages":[],"meta":{},"tags":[]},{"ancestorTitles":["BackupService.createBackup"],"fullName":"BackupService.createBackup sichert RBAC-Assignments als eigenen Data-Eintrag","status":"passed","title":"sichert RBAC-Assignments als eigenen Data-Eintrag","duration":20.6880629999996,"failureMessages":[],"meta":{},"tags":[]},{"ancestorTitles":["BackupService.createBackup"],"fullName":"BackupService.createBackup hält sich an die Log-Regel: max. 100 Einträge, neueste oben","status":"passed","title":"hält sich an die Log-Regel: max. 100 Einträge, neueste oben","duration":33.798947000000226,"failureMessages":[],"meta":{},"tags":[]},{"ancestorTitles":["BackupService.createBackup"],"fullName":"BackupService.createBackup meldet Backup als ok, wenn keine sensiblen Werte gefunden werden","status":"passed","title":"meldet Backup als ok, wenn keine sensiblen Werte gefunden werden","duration":9.494223000000602,"failureMessages":[],"meta":{},"tags":[]},{"ancestorTitles":["BackupService.createBackup"],"fullName":"BackupService.createBackup fügt kein 'password'-Feld ins ZIP ein, wenn ein sensibler Storage-Key existiert","status":"passed","title":"fügt kein 'password'-Feld ins ZIP ein, wenn ein sensibler Storage-Key existiert","duration":9.694529999999759,"failureMessages":[],"meta":{},"tags":[]}],"startTime":1785899870799,"endTime":1785899870951.6946,"status":"passed","message":"","name":"/dev-server/src/__tests__/backup/create.test.ts"},{"assertionResults":[{"ancestorTitles":["Backup-Integrität"],"fullName":"Backup-Integrität erkennt beschädigtes ZIP","status":"passed","title":"erkennt beschädigtes ZIP","duration":22.449000000000524,"failureMessages":[],"meta":{},"tags":[]},{"ancestorTitles":["Backup-Integrität"],"fullName":"Backup-Integrität lehnt Backup ohne Manifest ab","status":"passed","title":"lehnt Backup ohne Manifest ab","duration":6.7745569999997315,"failureMessages":[],"meta":{},"tags":[]},{"ancestorTitles":["Backup-Integrität"],"fullName":"Backup-Integrität lehnt Backup mit falschem Projektnamen ab","status":"passed","title":"lehnt Backup mit falschem Projektnamen ab","duration":12.211419999999634,"failureMessages":[],"meta":{},"tags":[]},{"ancestorTitles":["Backup-Integrität"],"fullName":"Backup-Integrität verweigert neuere Schema-Major-Version standardmäßig","status":"passed","title":"verweigert neuere Schema-Major-Version standardmäßig","duration":8.480207999999948,"failureMessages":[],"meta":{},"tags":[]},{"ancestorTitles":["Backup-Integrität"],"fullName":"Backup-Integrität akzeptiert neuere Version mit expliziter Freigabe","status":"passed","title":"akzeptiert neuere Version mit expliziter Freigabe","duration":11.12287600000036,"failureMessages":[],"meta":{},"tags":[]},{"ancestorTitles":["Backup-Integrität"],"fullName":"Backup-Integrität weist Backups mit sensiblen Feldnamen ab","status":"passed","title":"weist Backups mit sensiblen Feldnamen ab","duration":8.143742000000202,"failureMessages":[],"meta":{},"tags":[]},{"ancestorTitles":["Backup-Integrität"],"fullName":"Backup-Integrität weist leere Backups ab","status":"passed","title":"weist leere Backups ab","duration":1.7027840000000651,"failureMessages":[],"meta":{},"tags":[]},{"ancestorTitles":["Backup-Integrität"],"fullName":"Backup-Integrität weist Backup ohne data/-Einträge ab","status":"passed","title":"weist Backup ohne data/-Einträge ab","duration":8.19630700000016,"failureMessages":[],"meta":{},"tags":[]}],"startTime":1785899870797,"endTime":1785899870876.1963,"status":"passed","message":"","name":"/dev-server/src/__tests__/backup/integrity.test.ts"},{"assertionResults":[{"ancestorTitles":["Restore mit Manifest 2.0"],"fullName":"Restore mit Manifest 2.0 stellt Keys aus entries[] her, obwohl Dateinamen bedeutungslos sind","status":"passed","title":"stellt Keys aus entries[] her, obwohl Dateinamen bedeutungslos sind","duration":32.87960699999985,"failureMessages":[],"meta":{},"tags":[]},{"ancestorTitles":["Restore mit Manifest 2.0"],"fullName":"Restore mit Manifest 2.0 liest Altformat v1 weiter und meldet die Migration als Warnung","status":"passed","title":"liest Altformat v1 weiter und meldet die Migration als Warnung","duration":7.240227000000232,"failureMessages":[],"meta":{},"tags":[]},{"ancestorTitles":["Restore mit Manifest 2.0"],"fullName":"Restore mit Manifest 2.0 lehnt leere entries[] ab","status":"passed","title":"lehnt leere entries[] ab","duration":12.834128000000419,"failureMessages":[],"meta":{},"tags":[]},{"ancestorTitles":["Restore mit Manifest 2.0"],"fullName":"Restore mit Manifest 2.0 lehnt doppelte Storage-Keys ab","status":"passed","title":"lehnt doppelte Storage-Keys ab","duration":9.50353399999949,"failureMessages":[],"meta":{},"tags":[]},{"ancestorTitles":["Restore mit Manifest 2.0"],"fullName":"Restore mit Manifest 2.0 lehnt doppelte logische Namen ab","status":"passed","title":"lehnt doppelte logische Namen ab","duration":9.719278999999915,"failureMessages":[],"meta":{},"tags":[]},{"ancestorTitles":["Restore mit Manifest 2.0"],"fullName":"Restore mit Manifest 2.0 lehnt falsche Prüfsummen ab","status":"passed","title":"lehnt falsche Prüfsummen ab","duration":17.703448999999637,"failureMessages":[],"meta":{},"tags":[]},{"ancestorTitles":["Restore mit Manifest 2.0"],"fullName":"Restore mit Manifest 2.0 lehnt falsche Größenangaben ab","status":"passed","title":"lehnt falsche Größenangaben ab","duration":13.776552999999694,"failureMessages":[],"meta":{},"tags":[]},{"ancestorTitles":["Restore mit Manifest 2.0"],"fullName":"Restore mit Manifest 2.0 lehnt unplausible Dateitypen ab","status":"passed","title":"lehnt unplausible Dateitypen ab","duration":9.091215999999804,"failureMessages":[],"meta":{},"tags":[]},{"ancestorTitles":["Restore mit Manifest 2.0"],"fullName":"Restore mit Manifest 2.0 lehnt Manifest-Einträge ohne zugehörige Datei ab","status":"passed","title":"lehnt Manifest-Einträge ohne zugehörige Datei ab","duration":7.577382000000398,"failureMessages":[],"meta":{},"tags":[]},{"ancestorTitles":["Restore mit Manifest 2.0"],"fullName":"Restore mit Manifest 2.0 lehnt Dateien ohne Manifest-Eintrag ab","status":"passed","title":"lehnt Dateien ohne Manifest-Eintrag ab","duration":9.074096000000281,"failureMessages":[],"meta":{},"tags":[]},{"ancestorTitles":["Restore mit Manifest 2.0"],"fullName":"Restore mit Manifest 2.0 verweigert unbekannte MAJOR-Version standardmäßig","status":"passed","title":"verweigert unbekannte MAJOR-Version standardmäßig","duration":4.5862889999998515,"failureMessages":[],"meta":{},"tags":[]}],"startTime":1785899870799,"endTime":1785899870933.5862,"status":"passed","message":"","name":"/dev-server/src/__tests__/backup/manifest-v2.test.ts"},{"assertionResults":[{"ancestorTitles":["BackupService.restoreFromZip"],"fullName":"BackupService.restoreFromZip stellt auf leeren Zustand wieder her (Modus 'empty')","status":"passed","title":"stellt auf leeren Zustand wieder her (Modus 'empty')","duration":38.91486000000077,"failureMessages":[],"meta":{},"tags":[]},{"ancestorTitles":["BackupService.restoreFromZip"],"fullName":"BackupService.restoreFromZip verweigert Modus 'empty' bei vorhandenen App-Keys","status":"passed","title":"verweigert Modus 'empty' bei vorhandenen App-Keys","duration":12.650128000000223,"failureMessages":[],"meta":{},"tags":[]},{"ancestorTitles":["BackupService.restoreFromZip"],"fullName":"BackupService.restoreFromZip überschreibt bestehende Werte (Modus 'overwrite')","status":"passed","title":"überschreibt bestehende Werte (Modus 'overwrite')","duration":4.882958999999573,"failureMessages":[],"meta":{},"tags":[]},{"ancestorTitles":["BackupService.restoreFromZip"],"fullName":"BackupService.restoreFromZip erhält zusätzliche lokale App-Keys im Modus 'merge'","status":"passed","title":"erhält zusätzliche lokale App-Keys im Modus 'merge'","duration":5.666674000000057,"failureMessages":[],"meta":{},"tags":[]},{"ancestorTitles":["BackupService.restoreFromZip"],"fullName":"BackupService.restoreFromZip Restore-Ergebnis enthält Actor, Modus, runId und Zeitstempel","status":"passed","title":"Restore-Ergebnis enthält Actor, Modus, runId und Zeitstempel","duration":5.1179369999999835,"failureMessages":[],"meta":{},"tags":[]},{"ancestorTitles":["BackupService.restoreFromZip"],"fullName":"BackupService.restoreFromZip schreibt jeden Restore ins Protokoll (neueste oben)","status":"passed","title":"schreibt jeden Restore ins Protokoll (neueste oben)","duration":12.150695999999698,"failureMessages":[],"meta":{},"tags":[]},{"ancestorTitles":["BackupService.restoreFromZip"],"fullName":"BackupService.restoreFromZip lehnt ältere MAJOR-Versionen ab, wenn nicht erlaubt","status":"passed","title":"lehnt ältere MAJOR-Versionen ab, wenn nicht erlaubt","duration":3.5994220000002315,"failureMessages":[],"meta":{},"tags":[]},{"ancestorTitles":["BackupService.restoreFromZip"],"fullName":"BackupService.restoreFromZip verweigert Restore bei sensiblem Key im Backup und hinterlässt keinen Teilzustand","status":"passed","title":"verweigert Restore bei sensiblem Key im Backup und hinterlässt keinen Teilzustand","duration":7.9427999999998065,"failureMessages":[],"meta":{},"tags":[]}],"startTime":1785899870799,"endTime":1785899870889.9429,"status":"passed","message":"","name":"/dev-server/src/__tests__/backup/restore.test.ts"},{"assertionResults":[{"ancestorTitles":["JSON-Export (Schema & Struktur)"],"fullName":"JSON-Export (Schema & Struktur) erzeugt Voll-Export, dessen Document gegen das Schema validiert","status":"passed","title":"erzeugt Voll-Export, dessen Document gegen das Schema validiert","duration":41.9318430000003,"failureMessages":[],"meta":{},"tags":[]},{"ancestorTitles":["JSON-Export (Schema & Struktur)"],"fullName":"JSON-Export (Schema & Struktur) Dateiname folgt dem definierten Muster","status":"passed","title":"Dateiname folgt dem definierten Muster","duration":1.8550770000001648,"failureMessages":[],"meta":{},"tags":[]},{"ancestorTitles":["JSON-Export (Schema & Struktur)"],"fullName":"JSON-Export (Schema & Struktur) Teil-Export ('projects') begrenzt Inhalte auf Scope","status":"passed","title":"Teil-Export ('projects') begrenzt Inhalte auf Scope","duration":3.0250810000006823,"failureMessages":[],"meta":{},"tags":[]},{"ancestorTitles":["JSON-Export (Schema & Struktur)"],"fullName":"JSON-Export (Schema & Struktur) entfernt sensible Felder aus dem Voll-Export","status":"passed","title":"entfernt sensible Felder aus dem Voll-Export","duration":3.2909810000001016,"failureMessages":[],"meta":{},"tags":[]},{"ancestorTitles":["CSV-Export"],"fullName":"CSV-Export beginnt mit Header und trennt mit ';' / CRLF","status":"passed","title":"beginnt mit Header und trennt mit ';' / CRLF","duration":15.871339000000262,"failureMessages":[],"meta":{},"tags":[]},{"ancestorTitles":["CSV-Export"],"fullName":"CSV-Export escapt Sonderzeichen (Anführungszeichen, Semikolon, Umlaute, Emoji)","status":"passed","title":"escapt Sonderzeichen (Anführungszeichen, Semikolon, Umlaute, Emoji)","duration":1.4436610000002474,"failureMessages":[],"meta":{},"tags":[]},{"ancestorTitles":["CSV-Export"],"fullName":"CSV-Export liefert nur Header, wenn keine Aktivitäten existieren","status":"passed","title":"liefert nur Header, wenn keine Aktivitäten existieren","duration":0.5750049999996918,"failureMessages":[],"meta":{},"tags":[]},{"ancestorTitles":["CSV-Export"],"fullName":"CSV-Export verarbeitet 5.000 Aktivitäten in vertretbarer Zeit","status":"passed","title":"verarbeitet 5.000 Aktivitäten in vertretbarer Zeit","duration":88.9579020000001,"failureMessages":[],"meta":{},"tags":[]},{"ancestorTitles":["Report-ID und Dateiname"],"fullName":"Report-ID und Dateiname Report-ID folgt Muster REP-YYYYMMDD-HHMMSS","status":"passed","title":"Report-ID folgt Muster REP-YYYYMMDD-HHMMSS","duration":1.647251999999753,"failureMessages":[],"meta":{},"tags":[]},{"ancestorTitles":["Report-ID und Dateiname"],"fullName":"Report-ID und Dateiname hängt Report-ID vor die Dateiendung","status":"passed","title":"hängt Report-ID vor die Dateiendung","duration":0.5127849999998944,"failureMessages":[],"meta":{},"tags":[]},{"ancestorTitles":["JSON-Text-Export (Round-Trip)"],"fullName":"JSON-Text-Export (Round-Trip) parsen liefert identische Zeilen","status":"passed","title":"parsen liefert identische Zeilen","duration":1.628273999999692,"failureMessages":[],"meta":{},"tags":[]}],"startTime":1785899870697,"endTime":1785899870860.6282,"status":"passed","message":"","name":"/dev-server/src/__tests__/io/export.suite.test.ts"},{"assertionResults":[{"ancestorTitles":["Export-Pipeline (Round-Trip)"],"fullName":"Export-Pipeline (Round-Trip) should_serializeAndReparse_when_dtoStringified","status":"passed","title":"should_serializeAndReparse_when_dtoStringified","duration":20.6754549999996,"failureMessages":[],"meta":{},"tags":[]},{"ancestorTitles":["Export-Pipeline (Round-Trip)"],"fullName":"Export-Pipeline (Round-Trip) should_produceEmptyGroups_when_noActivities","status":"passed","title":"should_produceEmptyGroups_when_noActivities","duration":1.8485799999998562,"failureMessages":[],"meta":{},"tags":[]}],"startTime":1785899870340,"endTime":1785899870361.8486,"status":"passed","message":"","name":"/dev-server/src/__tests__/io/exports.test.ts"},{"assertionResults":[{"ancestorTitles":["JsonImportService"],"fullName":"JsonImportService akzeptiert gültige Datei und liefert Plan","status":"passed","title":"akzeptiert gültige Datei und liefert Plan","duration":7.886934999999539,"failureMessages":[],"meta":{},"tags":[]},{"ancestorTitles":["JsonImportService"],"fullName":"JsonImportService weist ungültige JSON-Datei ab (kein Parse)","status":"passed","title":"weist ungültige JSON-Datei ab (kein Parse)","duration":14.060406000000512,"failureMessages":[],"meta":{},"tags":[]},{"ancestorTitles":["JsonImportService"],"fullName":"JsonImportService weist falsche Schema-Struktur ab (Zod-Fehler)","status":"passed","title":"weist falsche Schema-Struktur ab (Zod-Fehler)","duration":2.0965269999996963,"failureMessages":[],"meta":{},"tags":[]},{"ancestorTitles":["JsonImportService"],"fullName":"JsonImportService warnt bei abweichender Schema-Version (Forward-Compat)","status":"passed","title":"warnt bei abweichender Schema-Version (Forward-Compat)","duration":1.2608769999997094,"failureMessages":[],"meta":{},"tags":[]},{"ancestorTitles":["JsonImportService"],"fullName":"JsonImportService erkennt Update-Konflikt, wenn Ziel-Entität bereits existiert","status":"passed","title":"erkennt Update-Konflikt, wenn Ziel-Entität bereits existiert","duration":4.685628000000179,"failureMessages":[],"meta":{},"tags":[]},{"ancestorTitles":["JsonImportService"],"fullName":"JsonImportService meldet ungültige Referenzen (workPackage → unbekanntes Projekt) als Warnung","status":"passed","title":"meldet ungültige Referenzen (workPackage → unbekanntes Projekt) als Warnung","duration":0.5765910000000076,"failureMessages":[],"meta":{},"tags":[]},{"ancestorTitles":["JsonImportService"],"fullName":"JsonImportService erkennt Kunden-Duplikate über Normalisierung (Vorschau)","status":"passed","title":"erkennt Kunden-Duplikate über Normalisierung (Vorschau)","duration":2.9144590000005337,"failureMessages":[],"meta":{},"tags":[]},{"ancestorTitles":["JsonImportService"],"fullName":"JsonImportService führt bei Abbruch (throw im Apply) einen Rollback aus — keine stillen Löschungen","status":"passed","title":"führt bei Abbruch (throw im Apply) einen Rollback aus — keine stillen Löschungen","duration":2.0046990000000733,"failureMessages":[],"meta":{},"tags":[]},{"ancestorTitles":["JsonImportService"],"fullName":"JsonImportService Rollback-API stellt Snapshot wieder her","status":"passed","title":"Rollback-API stellt Snapshot wieder her","duration":3.2060789999995905,"failureMessages":[],"meta":{},"tags":[]}],"startTime":1785899870616,"endTime":1785899870655.206,"status":"passed","message":"","name":"/dev-server/src/__tests__/io/import.suite.test.ts"},{"assertionResults":[{"ancestorTitles":["JsonSchemaValidationService"],"fullName":"JsonSchemaValidationService should_acceptMinimalValidDocument_when_onlyEnvelopePresent","status":"passed","title":"should_acceptMinimalValidDocument_when_onlyEnvelopePresent","duration":4.36294799999996,"failureMessages":[],"meta":{},"tags":[]},{"ancestorTitles":["JsonSchemaValidationService"],"fullName":"JsonSchemaValidationService should_rejectDocument_when_schemaVersionMissing","status":"passed","title":"should_rejectDocument_when_schemaVersionMissing","duration":2.685975000000326,"failureMessages":[],"meta":{},"tags":[]},{"ancestorTitles":["JsonSchemaValidationService"],"fullName":"JsonSchemaValidationService should_rejectDocument_when_exportTypeInvalid","status":"passed","title":"should_rejectDocument_when_exportTypeInvalid","duration":1.2266700000000128,"failureMessages":[],"meta":{},"tags":[]},{"ancestorTitles":["JsonSchemaValidationService"],"fullName":"JsonSchemaValidationService should_returnErrors_when_payloadNotObject","status":"passed","title":"should_returnErrors_when_payloadNotObject","duration":0.7477460000000065,"failureMessages":[],"meta":{},"tags":[]}],"startTime":1785899870344,"endTime":1785899870353.7478,"status":"passed","message":"","name":"/dev-server/src/__tests__/io/import.test.ts"}]}