{"numTotalTestSuites":19,"numPassedTestSuites":19,"numFailedTestSuites":0,"numPendingTestSuites":0,"numTotalTests":48,"numPassedTests":48,"numFailedTests":0,"numPendingTests":0,"numTodoTests":0,"snapshot":{"added":0,"failure":false,"filesAdded":0,"filesRemoved":0,"filesRemovedList":[],"filesUnmatched":0,"filesUpdated":0,"matched":0,"total":0,"unchecked":0,"uncheckedKeysByFile":[],"unmatched":0,"updated":0,"didUpdate":false},"startTime":1783999424753,"success":true,"testResults":[{"assertionResults":[{"ancestorTitles":["backup-service module"],"fullName":"backup-service module should_exposePublicApi_when_imported","status":"passed","title":"should_exposePublicApi_when_imported","duration":2.5535760000002483,"failureMessages":[],"meta":{},"tags":[]}],"startTime":1783999428694,"endTime":1783999428696.5535,"status":"passed","message":"","name":"/dev-server/src/__tests__/backup/backup-service.test.ts"},{"assertionResults":[{"ancestorTitles":["BackupService.createBackup"],"fullName":"BackupService.createBackup erzeugt ein valides ZIP mit allen Pflichtdateien","status":"passed","title":"erzeugt ein valides ZIP mit allen Pflichtdateien","duration":40.237007000000176,"failureMessages":[],"meta":{},"tags":[]},{"ancestorTitles":["BackupService.createBackup"],"fullName":"BackupService.createBackup sichert RBAC-Assignments als eigenen Data-Eintrag","status":"passed","title":"sichert RBAC-Assignments als eigenen Data-Eintrag","duration":10.593711999999869,"failureMessages":[],"meta":{},"tags":[]},{"ancestorTitles":["BackupService.createBackup"],"fullName":"BackupService.createBackup hält sich an die Log-Regel: max. 100 Einträge, neueste oben","status":"passed","title":"hält sich an die Log-Regel: max. 100 Einträge, neueste oben","duration":21.301942000000054,"failureMessages":[],"meta":{},"tags":[]},{"ancestorTitles":["BackupService.createBackup"],"fullName":"BackupService.createBackup meldet Backup als ok, wenn keine sensiblen Werte gefunden werden","status":"passed","title":"meldet Backup als ok, wenn keine sensiblen Werte gefunden werden","duration":5.2364950000001045,"failureMessages":[],"meta":{},"tags":[]},{"ancestorTitles":["BackupService.createBackup"],"fullName":"BackupService.createBackup fügt kein 'password'-Feld ins ZIP ein, wenn ein sensibler Storage-Key existiert","status":"passed","title":"fügt kein 'password'-Feld ins ZIP ein, wenn ein sensibler Storage-Key existiert","duration":9.080664999999954,"failureMessages":[],"meta":{},"tags":[]}],"startTime":1783999428703,"endTime":1783999428790.0806,"status":"passed","message":"","name":"/dev-server/src/__tests__/backup/create.test.ts"},{"assertionResults":[{"ancestorTitles":["Backup-Integrität"],"fullName":"Backup-Integrität erkennt beschädigtes ZIP","status":"passed","title":"erkennt beschädigtes ZIP","duration":15.015117999999802,"failureMessages":[],"meta":{},"tags":[]},{"ancestorTitles":["Backup-Integrität"],"fullName":"Backup-Integrität lehnt Backup ohne Manifest ab","status":"passed","title":"lehnt Backup ohne Manifest ab","duration":5.752093999999943,"failureMessages":[],"meta":{},"tags":[]},{"ancestorTitles":["Backup-Integrität"],"fullName":"Backup-Integrität lehnt Backup mit falschem Projektnamen ab","status":"passed","title":"lehnt Backup mit falschem Projektnamen ab","duration":4.169367999999849,"failureMessages":[],"meta":{},"tags":[]},{"ancestorTitles":["Backup-Integrität"],"fullName":"Backup-Integrität verweigert neuere Schema-Major-Version standardmäßig","status":"passed","title":"verweigert neuere Schema-Major-Version standardmäßig","duration":4.239034000000174,"failureMessages":[],"meta":{},"tags":[]},{"ancestorTitles":["Backup-Integrität"],"fullName":"Backup-Integrität akzeptiert neuere Version mit expliziter Freigabe","status":"passed","title":"akzeptiert neuere Version mit expliziter Freigabe","duration":4.446380999999747,"failureMessages":[],"meta":{},"tags":[]},{"ancestorTitles":["Backup-Integrität"],"fullName":"Backup-Integrität weist Backups mit sensiblen Feldnamen ab","status":"passed","title":"weist Backups mit sensiblen Feldnamen ab","duration":4.621955999999955,"failureMessages":[],"meta":{},"tags":[]},{"ancestorTitles":["Backup-Integrität"],"fullName":"Backup-Integrität weist leere Backups ab","status":"passed","title":"weist leere Backups ab","duration":1.3621769999999742,"failureMessages":[],"meta":{},"tags":[]},{"ancestorTitles":["Backup-Integrität"],"fullName":"Backup-Integrität weist Backup ohne data/-Einträge ab","status":"passed","title":"weist Backup ohne data/-Einträge ab","duration":5.536223000000064,"failureMessages":[],"meta":{},"tags":[]}],"startTime":1783999428704,"endTime":1783999428749.5361,"status":"passed","message":"","name":"/dev-server/src/__tests__/backup/integrity.test.ts"},{"assertionResults":[{"ancestorTitles":["BackupService.restoreFromZip"],"fullName":"BackupService.restoreFromZip stellt auf leeren Zustand wieder her (Modus 'empty')","status":"passed","title":"stellt auf leeren Zustand wieder her (Modus 'empty')","duration":12.608686000000034,"failureMessages":[],"meta":{},"tags":[]},{"ancestorTitles":["BackupService.restoreFromZip"],"fullName":"BackupService.restoreFromZip verweigert Modus 'empty' bei vorhandenen App-Keys","status":"passed","title":"verweigert Modus 'empty' bei vorhandenen App-Keys","duration":10.2330350000002,"failureMessages":[],"meta":{},"tags":[]},{"ancestorTitles":["BackupService.restoreFromZip"],"fullName":"BackupService.restoreFromZip überschreibt bestehende Werte (Modus 'overwrite')","status":"passed","title":"überschreibt bestehende Werte (Modus 'overwrite')","duration":3.045766000000185,"failureMessages":[],"meta":{},"tags":[]},{"ancestorTitles":["BackupService.restoreFromZip"],"fullName":"BackupService.restoreFromZip erhält zusätzliche lokale App-Keys im Modus 'merge'","status":"passed","title":"erhält zusätzliche lokale App-Keys im Modus 'merge'","duration":3.357836000000134,"failureMessages":[],"meta":{},"tags":[]},{"ancestorTitles":["BackupService.restoreFromZip"],"fullName":"BackupService.restoreFromZip Restore-Ergebnis enthält Actor, Modus, runId und Zeitstempel","status":"passed","title":"Restore-Ergebnis enthält Actor, Modus, runId und Zeitstempel","duration":2.932487999999921,"failureMessages":[],"meta":{},"tags":[]},{"ancestorTitles":["BackupService.restoreFromZip"],"fullName":"BackupService.restoreFromZip schreibt jeden Restore ins Protokoll (neueste oben)","status":"passed","title":"schreibt jeden Restore ins Protokoll (neueste oben)","duration":4.323392999999669,"failureMessages":[],"meta":{},"tags":[]},{"ancestorTitles":["BackupService.restoreFromZip"],"fullName":"BackupService.restoreFromZip lehnt ältere MAJOR-Versionen ab, wenn nicht erlaubt","status":"passed","title":"lehnt ältere MAJOR-Versionen ab, wenn nicht erlaubt","duration":2.2230689999996684,"failureMessages":[],"meta":{},"tags":[]},{"ancestorTitles":["BackupService.restoreFromZip"],"fullName":"BackupService.restoreFromZip verweigert Restore bei sensiblem Key im Backup und hinterlässt keinen Teilzustand","status":"passed","title":"verweigert Restore bei sensiblem Key im Backup und hinterlässt keinen Teilzustand","duration":3.670270999999957,"failureMessages":[],"meta":{},"tags":[]}],"startTime":1783999428701,"endTime":1783999428743.6702,"status":"passed","message":"","name":"/dev-server/src/__tests__/backup/restore.test.ts"},{"assertionResults":[{"ancestorTitles":["JSON-Export (Schema & Struktur)"],"fullName":"JSON-Export (Schema & Struktur) erzeugt Voll-Export, dessen Document gegen das Schema validiert","status":"passed","title":"erzeugt Voll-Export, dessen Document gegen das Schema validiert","duration":16.954791000000114,"failureMessages":[],"meta":{},"tags":[]},{"ancestorTitles":["JSON-Export (Schema & Struktur)"],"fullName":"JSON-Export (Schema & Struktur) Dateiname folgt dem definierten Muster","status":"passed","title":"Dateiname folgt dem definierten Muster","duration":0.7987840000000688,"failureMessages":[],"meta":{},"tags":[]},{"ancestorTitles":["JSON-Export (Schema & Struktur)"],"fullName":"JSON-Export (Schema & Struktur) Teil-Export ('projects') begrenzt Inhalte auf Scope","status":"passed","title":"Teil-Export ('projects') begrenzt Inhalte auf Scope","duration":2.677926999999727,"failureMessages":[],"meta":{},"tags":[]},{"ancestorTitles":["JSON-Export (Schema & Struktur)"],"fullName":"JSON-Export (Schema & Struktur) entfernt sensible Felder aus dem Voll-Export","status":"passed","title":"entfernt sensible Felder aus dem Voll-Export","duration":2.945886999999857,"failureMessages":[],"meta":{},"tags":[]},{"ancestorTitles":["CSV-Export"],"fullName":"CSV-Export beginnt mit Header und trennt mit ';' / CRLF","status":"passed","title":"beginnt mit Header und trennt mit ';' / CRLF","duration":11.40898900000002,"failureMessages":[],"meta":{},"tags":[]},{"ancestorTitles":["CSV-Export"],"fullName":"CSV-Export escapt Sonderzeichen (Anführungszeichen, Semikolon, Umlaute, Emoji)","status":"passed","title":"escapt Sonderzeichen (Anführungszeichen, Semikolon, Umlaute, Emoji)","duration":0.92626700000028,"failureMessages":[],"meta":{},"tags":[]},{"ancestorTitles":["CSV-Export"],"fullName":"CSV-Export liefert nur Header, wenn keine Aktivitäten existieren","status":"passed","title":"liefert nur Header, wenn keine Aktivitäten existieren","duration":0.5139039999999113,"failureMessages":[],"meta":{},"tags":[]},{"ancestorTitles":["CSV-Export"],"fullName":"CSV-Export verarbeitet 5.000 Aktivitäten in vertretbarer Zeit","status":"passed","title":"verarbeitet 5.000 Aktivitäten in vertretbarer Zeit","duration":75.03138599999966,"failureMessages":[],"meta":{},"tags":[]},{"ancestorTitles":["Report-ID und Dateiname"],"fullName":"Report-ID und Dateiname Report-ID folgt Muster REP-YYYYMMDD-HHMMSS","status":"passed","title":"Report-ID folgt Muster REP-YYYYMMDD-HHMMSS","duration":0.8662210000002233,"failureMessages":[],"meta":{},"tags":[]},{"ancestorTitles":["Report-ID und Dateiname"],"fullName":"Report-ID und Dateiname hängt Report-ID vor die Dateiendung","status":"passed","title":"hängt Report-ID vor die Dateiendung","duration":0.40654600000016217,"failureMessages":[],"meta":{},"tags":[]},{"ancestorTitles":["JSON-Text-Export (Round-Trip)"],"fullName":"JSON-Text-Export (Round-Trip) parsen liefert identische Zeilen","status":"passed","title":"parsen liefert identische Zeilen","duration":1.476760000000013,"failureMessages":[],"meta":{},"tags":[]}],"startTime":1783999428714,"endTime":1783999428828.4768,"status":"passed","message":"","name":"/dev-server/src/__tests__/io/export.suite.test.ts"},{"assertionResults":[{"ancestorTitles":["Export-Pipeline (Round-Trip)"],"fullName":"Export-Pipeline (Round-Trip) should_serializeAndReparse_when_dtoStringified","status":"passed","title":"should_serializeAndReparse_when_dtoStringified","duration":15.941573000000062,"failureMessages":[],"meta":{},"tags":[]},{"ancestorTitles":["Export-Pipeline (Round-Trip)"],"fullName":"Export-Pipeline (Round-Trip) should_produceEmptyGroups_when_noActivities","status":"passed","title":"should_produceEmptyGroups_when_noActivities","duration":1.1318520000004355,"failureMessages":[],"meta":{},"tags":[]}],"startTime":1783999428522,"endTime":1783999428539.1318,"status":"passed","message":"","name":"/dev-server/src/__tests__/io/exports.test.ts"},{"assertionResults":[{"ancestorTitles":["JsonImportService"],"fullName":"JsonImportService akzeptiert gültige Datei und liefert Plan","status":"passed","title":"akzeptiert gültige Datei und liefert Plan","duration":7.458370000000286,"failureMessages":[],"meta":{},"tags":[]},{"ancestorTitles":["JsonImportService"],"fullName":"JsonImportService weist ungültige JSON-Datei ab (kein Parse)","status":"passed","title":"weist ungültige JSON-Datei ab (kein Parse)","duration":8.256828999999925,"failureMessages":[],"meta":{},"tags":[]},{"ancestorTitles":["JsonImportService"],"fullName":"JsonImportService weist falsche Schema-Struktur ab (Zod-Fehler)","status":"passed","title":"weist falsche Schema-Struktur ab (Zod-Fehler)","duration":1.2462450000002718,"failureMessages":[],"meta":{},"tags":[]},{"ancestorTitles":["JsonImportService"],"fullName":"JsonImportService warnt bei abweichender Schema-Version (Forward-Compat)","status":"passed","title":"warnt bei abweichender Schema-Version (Forward-Compat)","duration":1.0400979999999436,"failureMessages":[],"meta":{},"tags":[]},{"ancestorTitles":["JsonImportService"],"fullName":"JsonImportService erkennt Update-Konflikt, wenn Ziel-Entität bereits existiert","status":"passed","title":"erkennt Update-Konflikt, wenn Ziel-Entität bereits existiert","duration":4.321072999999615,"failureMessages":[],"meta":{},"tags":[]},{"ancestorTitles":["JsonImportService"],"fullName":"JsonImportService meldet ungültige Referenzen (workPackage → unbekanntes Projekt) als Warnung","status":"passed","title":"meldet ungültige Referenzen (workPackage → unbekanntes Projekt) als Warnung","duration":0.8202289999999266,"failureMessages":[],"meta":{},"tags":[]},{"ancestorTitles":["JsonImportService"],"fullName":"JsonImportService erkennt Kunden-Duplikate über Normalisierung (Vorschau)","status":"passed","title":"erkennt Kunden-Duplikate über Normalisierung (Vorschau)","duration":3.3318429999999353,"failureMessages":[],"meta":{},"tags":[]},{"ancestorTitles":["JsonImportService"],"fullName":"JsonImportService führt bei Abbruch (throw im Apply) einen Rollback aus — keine stillen Löschungen","status":"passed","title":"führt bei Abbruch (throw im Apply) einen Rollback aus — keine stillen Löschungen","duration":2.146947999999611,"failureMessages":[],"meta":{},"tags":[]},{"ancestorTitles":["JsonImportService"],"fullName":"JsonImportService Rollback-API stellt Snapshot wieder her","status":"passed","title":"Rollback-API stellt Snapshot wieder her","duration":2.691943000000265,"failureMessages":[],"meta":{},"tags":[]}],"startTime":1783999428609,"endTime":1783999428640.692,"status":"passed","message":"","name":"/dev-server/src/__tests__/io/import.suite.test.ts"},{"assertionResults":[{"ancestorTitles":["JsonSchemaValidationService"],"fullName":"JsonSchemaValidationService should_acceptMinimalValidDocument_when_onlyEnvelopePresent","status":"passed","title":"should_acceptMinimalValidDocument_when_onlyEnvelopePresent","duration":4.0689479999996365,"failureMessages":[],"meta":{},"tags":[]},{"ancestorTitles":["JsonSchemaValidationService"],"fullName":"JsonSchemaValidationService should_rejectDocument_when_schemaVersionMissing","status":"passed","title":"should_rejectDocument_when_schemaVersionMissing","duration":1.7778120000002673,"failureMessages":[],"meta":{},"tags":[]},{"ancestorTitles":["JsonSchemaValidationService"],"fullName":"JsonSchemaValidationService should_rejectDocument_when_exportTypeInvalid","status":"passed","title":"should_rejectDocument_when_exportTypeInvalid","duration":0.5638210000001891,"failureMessages":[],"meta":{},"tags":[]},{"ancestorTitles":["JsonSchemaValidationService"],"fullName":"JsonSchemaValidationService should_returnErrors_when_payloadNotObject","status":"passed","title":"should_returnErrors_when_payloadNotObject","duration":0.4272190000001501,"failureMessages":[],"meta":{},"tags":[]}],"startTime":1783999428536,"endTime":1783999428543.4272,"status":"passed","message":"","name":"/dev-server/src/__tests__/io/import.test.ts"}]}