{"numTotalTestSuites":43,"numPassedTestSuites":43,"numFailedTestSuites":0,"numPendingTestSuites":0,"numTotalTests":112,"numPassedTests":112,"numFailedTests":0,"numPendingTests":0,"numTodoTests":0,"snapshot":{"added":0,"failure":false,"filesAdded":0,"filesRemoved":0,"filesRemovedList":[],"filesUnmatched":0,"filesUpdated":0,"matched":0,"total":0,"unchecked":0,"uncheckedKeysByFile":[],"unmatched":0,"updated":0,"didUpdate":false},"startTime":1789338770795,"success":true,"testResults":[{"assertionResults":[{"ancestorTitles":["Admin-Serverfunktionen für Auth-Konten"],"fullName":"Admin-Serverfunktionen für Auth-Konten should_useCanonicalTanStackValidatorApi","status":"passed","title":"should_useCanonicalTanStackValidatorApi","duration":2.7339649999994435,"failureMessages":[],"meta":{},"tags":[]},{"ancestorTitles":["Admin-Serverfunktionen für Auth-Konten"],"fullName":"Admin-Serverfunktionen für Auth-Konten should_requireAuthenticatedSession_forEveryFunction","status":"passed","title":"should_requireAuthenticatedSession_forEveryFunction","duration":0.8136870000007548,"failureMessages":[],"meta":{},"tags":[]},{"ancestorTitles":["Admin-Serverfunktionen für Auth-Konten"],"fullName":"Admin-Serverfunktionen für Auth-Konten should_requireUsersManagePermission_forEveryFunction","status":"passed","title":"should_requireUsersManagePermission_forEveryFunction","duration":0.9194360000001325,"failureMessages":[],"meta":{},"tags":[]},{"ancestorTitles":["Admin-Serverfunktionen für Auth-Konten"],"fullName":"Admin-Serverfunktionen für Auth-Konten should_loadPrivilegedClientOnlyOnServer","status":"passed","title":"should_loadPrivilegedClientOnlyOnServer","duration":0.6436069999999745,"failureMessages":[],"meta":{},"tags":[]},{"ancestorTitles":["Admin-Serverfunktionen für Auth-Konten"],"fullName":"Admin-Serverfunktionen für Auth-Konten should_keepBackendStatusMinimal_and_resolveOnlyCurrentAccount","status":"passed","title":"should_keepBackendStatusMinimal_and_resolveOnlyCurrentAccount","duration":0.6443410000001677,"failureMessages":[],"meta":{},"tags":[]},{"ancestorTitles":["Admin-Serverfunktionen für Auth-Konten"],"fullName":"Admin-Serverfunktionen für Auth-Konten should_resolveTargetAccountServerSide_and_handleUnknownAccount","status":"passed","title":"should_resolveTargetAccountServerSide_and_handleUnknownAccount","duration":0.5441350000000966,"failureMessages":[],"meta":{},"tags":[]},{"ancestorTitles":["Admin-Serverfunktionen für Auth-Konten"],"fullName":"Admin-Serverfunktionen für Auth-Konten should_useRecoveryFlow_and_neverSetOrReturnPasswords","status":"passed","title":"should_useRecoveryFlow_and_neverSetOrReturnPasswords","duration":0.5520850000002611,"failureMessages":[],"meta":{},"tags":[]},{"ancestorTitles":["Admin-Serverfunktionen für Auth-Konten"],"fullName":"Admin-Serverfunktionen für Auth-Konten should_writeAuditEntryWithoutTokens","status":"passed","title":"should_writeAuditEntryWithoutTokens","duration":0.3939890000001469,"failureMessages":[],"meta":{},"tags":[]},{"ancestorTitles":["Admin-Serverfunktionen für Auth-Konten"],"fullName":"Admin-Serverfunktionen für Auth-Konten should_notLogPasswordsOrSecrets","status":"passed","title":"should_notLogPasswordsOrSecrets","duration":1.3921629999995275,"failureMessages":[],"meta":{},"tags":[]}],"startTime":1789338777126,"endTime":1789338777135.392,"status":"passed","message":"","name":"/dev-server/src/__tests__/security/auth-accounts-functions.test.ts"},{"assertionResults":[{"ancestorTitles":["AVKK / Reference Data / Customer Data — Zugriffsgrenzen"],"fullName":"AVKK / Reference Data / Customer Data — Zugriffsgrenzen should_importSupabaseClientOnlyInAdapter_when_scanningDomainModules","status":"passed","title":"should_importSupabaseClientOnlyInAdapter_when_scanningDomainModules","duration":9.56925500000034,"failureMessages":[],"meta":{},"tags":[]},{"ancestorTitles":["AVKK / Reference Data / Customer Data — Zugriffsgrenzen"],"fullName":"AVKK / Reference Data / Customer Data — Zugriffsgrenzen should_notUsePrivilegedServerClient_when_scanningDomainModules","status":"passed","title":"should_notUsePrivilegedServerClient_when_scanningDomainModules","duration":8.319945999999618,"failureMessages":[],"meta":{},"tags":[]},{"ancestorTitles":["AVKK / Reference Data / Customer Data — Zugriffsgrenzen"],"fullName":"AVKK / Reference Data / Customer Data — Zugriffsgrenzen should_notAccessAvkkTablesFromUiLayer_when_scanningComponentsAndHooks","status":"passed","title":"should_notAccessAvkkTablesFromUiLayer_when_scanningComponentsAndHooks","duration":39.515229000000545,"failureMessages":[],"meta":{},"tags":[]},{"ancestorTitles":["AVKK / Reference Data / Customer Data — Zugriffsgrenzen"],"fullName":"AVKK / Reference Data / Customer Data — Zugriffsgrenzen should_keepReferenceDataCacheFreeOfCredentials_when_snapshotWritten","status":"passed","title":"should_keepReferenceDataCacheFreeOfCredentials_when_snapshotWritten","duration":0.5843290000002526,"failureMessages":[],"meta":{},"tags":[]},{"ancestorTitles":["avkk_can_write — akzeptierte, begründete Ausnahme"],"fullName":"avkk_can_write — akzeptierte, begründete Ausnahme should_documentAcceptedFinding_when_functionExecutableByAuthenticated","status":"passed","title":"should_documentAcceptedFinding_when_functionExecutableByAuthenticated","duration":0.4462760000005801,"failureMessages":[],"meta":{},"tags":[]},{"ancestorTitles":["avkk_can_write — akzeptierte, begründete Ausnahme"],"fullName":"avkk_can_write — akzeptierte, begründete Ausnahme should_documentAcceptedFinding_when_peopleDirectoryIsSecurityDefiner","status":"passed","title":"should_documentAcceptedFinding_when_peopleDirectoryIsSecurityDefiner","duration":3.293376999999964,"failureMessages":[],"meta":{},"tags":[]},{"ancestorTitles":["SEC-01 — Härtung ist in der Migrationsquelle verankert"],"fullName":"SEC-01 — Härtung ist in der Migrationsquelle verankert should_restrictAppSettingsReads_when_migrationsApplied","status":"passed","title":"should_restrictAppSettingsReads_when_migrationsApplied","duration":13.896443000000545,"failureMessages":[],"meta":{},"tags":[]},{"ancestorTitles":["SEC-01 — Härtung ist in der Migrationsquelle verankert"],"fullName":"SEC-01 — Härtung ist in der Migrationsquelle verankert should_hardenSecurityDefinerFunctions_when_migrationsApplied","status":"passed","title":"should_hardenSecurityDefinerFunctions_when_migrationsApplied","duration":0.571632000000136,"failureMessages":[],"meta":{},"tags":[]},{"ancestorTitles":["SEC-01 — Härtung ist in der Migrationsquelle verankert"],"fullName":"SEC-01 — Härtung ist in der Migrationsquelle verankert should_provideReproducibleDatabaseTest_when_sec01Applied","status":"passed","title":"should_provideReproducibleDatabaseTest_when_sec01Applied","duration":0.9892370000006849,"failureMessages":[],"meta":{},"tags":[]}],"startTime":1789338776889,"endTime":1789338776966.9893,"status":"passed","message":"","name":"/dev-server/src/__tests__/security/avkk-rls.test.ts"},{"assertionResults":[{"ancestorTitles":["BSF-03D Migration — Vertrag (statisch)"],"fullName":"BSF-03D Migration — Vertrag (statisch) should_qualifyFkExistenceCheckByTable_when_checkingSystemhouseFk","status":"passed","title":"should_qualifyFkExistenceCheckByTable_when_checkingSystemhouseFk","duration":2.3935389999996914,"failureMessages":[],"meta":{},"tags":[]},{"ancestorTitles":["BSF-03D Migration — Vertrag (statisch)"],"fullName":"BSF-03D Migration — Vertrag (statisch) should_detectLegacyUniqueStructurally_when_replacingCatalogKeyUnique","status":"passed","title":"should_detectLegacyUniqueStructurally_when_replacingCatalogKeyUnique","duration":6.51070400000026,"failureMessages":[],"meta":{},"tags":[]},{"ancestorTitles":["BSF-03D Migration — Vertrag (statisch)"],"fullName":"BSF-03D Migration — Vertrag (statisch) should_enforceScopeTypeTargetContract_when_columnAlreadyExists","status":"passed","title":"should_enforceScopeTypeTargetContract_when_columnAlreadyExists","duration":0.47351400000025023,"failureMessages":[],"meta":{},"tags":[]},{"ancestorTitles":["BSF-03D Migration — Vertrag (statisch)"],"fullName":"BSF-03D Migration — Vertrag (statisch) should_containNoDestructiveStatements","status":"passed","title":"should_containNoDestructiveStatements","duration":0.6813750000001164,"failureMessages":[],"meta":{},"tags":[]},{"ancestorTitles":["BSF-03D Migration — Vertrag (statisch)"],"fullName":"BSF-03D Migration — Vertrag (statisch) should_beIdempotent_when_creatingObjects","status":"passed","title":"should_beIdempotent_when_creatingObjects","duration":0.7221069999995962,"failureMessages":[],"meta":{},"tags":[]}],"startTime":1789338777179,"endTime":1789338777189.7222,"status":"passed","message":"","name":"/dev-server/src/__tests__/security/bsf03d-migration-contract.test.ts"},{"assertionResults":[{"ancestorTitles":["build metadata security"],"fullName":"build metadata security does not read remote.origin.url into browser build metadata","status":"passed","title":"does not read remote.origin.url into browser build metadata","duration":2.4166869999999108,"failureMessages":[],"meta":{},"tags":[]},{"ancestorTitles":["build metadata security"],"fullName":"build metadata security keeps client build-info repository metadata canonical","status":"passed","title":"keeps client build-info repository metadata canonical","duration":0.6375269999998636,"failureMessages":[],"meta":{},"tags":[]}],"startTime":1789338777366,"endTime":1789338777368.6375,"status":"passed","message":"","name":"/dev-server/src/__tests__/security/build-metadata-secrets.test.ts"},{"assertionResults":[{"ancestorTitles":["BSF-03 P5 Server-/Provider-Sicherheitsvertrag"],"fullName":"BSF-03 P5 Server-/Provider-Sicherheitsvertrag alle vier Serverfunktionen erzwingen Supabase-Authentifizierung","status":"passed","title":"alle vier Serverfunktionen erzwingen Supabase-Authentifizierung","duration":1.8940400000001318,"failureMessages":[],"meta":{},"tags":[]},{"ancestorTitles":["BSF-03 P5 Server-/Provider-Sicherheitsvertrag"],"fullName":"BSF-03 P5 Server-/Provider-Sicherheitsvertrag Scope-IDs werden validiert und Benutzeridentität kommt nur aus dem Tokenkontext","status":"passed","title":"Scope-IDs werden validiert und Benutzeridentität kommt nur aus dem Tokenkontext","duration":0.5202269999999771,"failureMessages":[],"meta":{},"tags":[]},{"ancestorTitles":["BSF-03 P5 Server-/Provider-Sicherheitsvertrag"],"fullName":"BSF-03 P5 Server-/Provider-Sicherheitsvertrag kein privilegierter Browser-/Service-Role-Pfad wird eingeführt","status":"passed","title":"kein privilegierter Browser-/Service-Role-Pfad wird eingeführt","duration":0.4036400000004505,"failureMessages":[],"meta":{},"tags":[]},{"ancestorTitles":["BSF-03 P5 Server-/Provider-Sicherheitsvertrag"],"fullName":"BSF-03 P5 Server-/Provider-Sicherheitsvertrag Adapter verwendet für fremde Managementdaten ausschließlich die P5-RPCs","status":"passed","title":"Adapter verwendet für fremde Managementdaten ausschließlich die P5-RPCs","duration":0.347063000000162,"failureMessages":[],"meta":{},"tags":[]},{"ancestorTitles":["BSF-03 P5 Server-/Provider-Sicherheitsvertrag"],"fullName":"BSF-03 P5 Server-/Provider-Sicherheitsvertrag Managementroute benennt den Bereich korrekt, während Meine Kunden der Shell-Standard bleibt","status":"passed","title":"Managementroute benennt den Bereich korrekt, während Meine Kunden der Shell-Standard bleibt","duration":0.19203300000026502,"failureMessages":[],"meta":{},"tags":[]}],"startTime":1789338777433,"endTime":1789338777437.1921,"status":"passed","message":"","name":"/dev-server/src/__tests__/security/customer-responsibility-management-functions.test.ts"},{"assertionResults":[{"ancestorTitles":["Logger-Redaction – Frontend"],"fullName":"Logger-Redaction – Frontend should_maskSecretKeys_when_redactCalled","status":"passed","title":"should_maskSecretKeys_when_redactCalled","duration":5.189927000000353,"failureMessages":[],"meta":{},"tags":[]},{"ancestorTitles":["Logger-Redaction – Frontend"],"fullName":"Logger-Redaction – Frontend should_maskJwtLikeStringValues_regardlessOfKey","status":"passed","title":"should_maskJwtLikeStringValues_regardlessOfKey","duration":0.9562829999995301,"failureMessages":[],"meta":{},"tags":[]},{"ancestorTitles":["Logger-Redaction – Frontend"],"fullName":"Logger-Redaction – Frontend should_preserveActorAndCorrelation_when_redacting","status":"passed","title":"should_preserveActorAndCorrelation_when_redacting","duration":0.6149980000000141,"failureMessages":[],"meta":{},"tags":[]},{"ancestorTitles":["Logger-Redaction – Frontend"],"fullName":"Logger-Redaction – Frontend should_recurseIntoNestedObjectsAndArrays","status":"passed","title":"should_recurseIntoNestedObjectsAndArrays","duration":0.7772640000002866,"failureMessages":[],"meta":{},"tags":[]},{"ancestorTitles":["Logger-Redaction – Backend"],"fullName":"Logger-Redaction – Backend should_maskSecretKeys_when_backendRedactCalled","status":"passed","title":"should_maskSecretKeys_when_backendRedactCalled","duration":0.8135619999993651,"failureMessages":[],"meta":{},"tags":[]},{"ancestorTitles":["Logger-Redaction – Backend"],"fullName":"Logger-Redaction – Backend should_notLeakConnectionStringInLogOutput","status":"passed","title":"should_notLeakConnectionStringInLogOutput","duration":0.3427560000000085,"failureMessages":[],"meta":{},"tags":[]},{"ancestorTitles":["Logger-Ausgabe – kein Secret-Leak in echten Aufrufen"],"fullName":"Logger-Ausgabe – kein Secret-Leak in echten Aufrufen should_notPrintRawSecret_when_frontendLoggerWarnsWithSensitiveContext","status":"passed","title":"should_notPrintRawSecret_when_frontendLoggerWarnsWithSensitiveContext","duration":2.574387999999999,"failureMessages":[],"meta":{},"tags":[]},{"ancestorTitles":["Logger-Ausgabe – kein Secret-Leak in echten Aufrufen"],"fullName":"Logger-Ausgabe – kein Secret-Leak in echten Aufrufen should_notPrintRawSecret_when_backendLoggerWarnsWithSensitiveContext","status":"passed","title":"should_notPrintRawSecret_when_backendLoggerWarnsWithSensitiveContext","duration":1.0085689999996248,"failureMessages":[],"meta":{},"tags":[]}],"startTime":1789338776979,"endTime":1789338776992.0085,"status":"passed","message":"","name":"/dev-server/src/__tests__/security/logging.test.ts"},{"assertionResults":[{"ancestorTitles":["Manipulation – localStorage-Tampering (SEC-CRIT-002 behoben)"],"fullName":"Manipulation – localStorage-Tampering (SEC-CRIT-002 behoben) should_ignoreForgedLocalStorage_when_deriveRoleFromSession","status":"passed","title":"should_ignoreForgedLocalStorage_when_deriveRoleFromSession","duration":46.64973100000043,"failureMessages":[],"meta":{},"tags":[]},{"ancestorTitles":["Manipulation – localStorage-Tampering (SEC-CRIT-002 behoben)"],"fullName":"Manipulation – localStorage-Tampering (SEC-CRIT-002 behoben) should_denyUiGate_when_activeUserRoleIsViewer","status":"passed","title":"should_denyUiGate_when_activeUserRoleIsViewer","duration":5.074083000000428,"failureMessages":[],"meta":{},"tags":[]},{"ancestorTitles":["Manipulation – localStorage-Tampering (SEC-CRIT-002 behoben)"],"fullName":"Manipulation – localStorage-Tampering (SEC-CRIT-002 behoben) should_resetBootstrap_when_activeUserPointsToUnknownId","status":"passed","title":"should_resetBootstrap_when_activeUserPointsToUnknownId","duration":1.3285290000003442,"failureMessages":[],"meta":{},"tags":[]},{"ancestorTitles":["Manipulation – Assignment-Injection (Import-Pipeline)"],"fullName":"Manipulation – Assignment-Injection (Import-Pipeline) should_rejectImport_when_envelopeHasWrongShape","status":"passed","title":"should_rejectImport_when_envelopeHasWrongShape","duration":2.0732639999996536,"failureMessages":[],"meta":{},"tags":[]},{"ancestorTitles":["Manipulation – Assignment-Injection (Import-Pipeline)"],"fullName":"Manipulation – Assignment-Injection (Import-Pipeline) should_stripSensitiveFields_when_importPayloadContainsThem","status":"passed","title":"should_stripSensitiveFields_when_importPayloadContainsThem","duration":1.435816000000159,"failureMessages":[],"meta":{},"tags":[]},{"ancestorTitles":["Manipulation – Assignment-Injection (Import-Pipeline)"],"fullName":"Manipulation – Assignment-Injection (Import-Pipeline) should_notInterpretUserSuppliedAssignments_when_envelopeHasNoAssignmentsField","status":"passed","title":"should_notInterpretUserSuppliedAssignments_when_envelopeHasNoAssignmentsField","duration":0.9720010000000912,"failureMessages":[],"meta":{},"tags":[]},{"ancestorTitles":["Manipulation – Replay abgelaufener / manipulierter Assignments"],"fullName":"Manipulation – Replay abgelaufener / manipulierter Assignments should_denyAccess_when_replayingExpiredAssignment","status":"passed","title":"should_denyAccess_when_replayingExpiredAssignment","duration":0.5070939999995971,"failureMessages":[],"meta":{},"tags":[]},{"ancestorTitles":["Manipulation – Replay abgelaufener / manipulierter Assignments"],"fullName":"Manipulation – Replay abgelaufener / manipulierter Assignments should_denyAccess_when_scopePayloadMismatch","status":"passed","title":"should_denyAccess_when_scopePayloadMismatch","duration":0.4074899999995978,"failureMessages":[],"meta":{},"tags":[]},{"ancestorTitles":["Manipulation – Replay abgelaufener / manipulierter Assignments"],"fullName":"Manipulation – Replay abgelaufener / manipulierter Assignments should_documentPurePermissionHelperBoundary_when_calledWithForgedRole","status":"passed","title":"should_documentPurePermissionHelperBoundary_when_calledWithForgedRole","duration":0.6157670000002327,"failureMessages":[],"meta":{},"tags":[]}],"startTime":1789338777164,"endTime":1789338777223.6157,"status":"passed","message":"","name":"/dev-server/src/__tests__/security/manipulation.test.tsx"},{"assertionResults":[{"ancestorTitles":["BSF-03 Serverfunktionen (M09–M12)"],"fullName":"BSF-03 Serverfunktionen (M09–M12) M09: beide Serverfunktionen laufen hinter requireSupabaseAuth","status":"passed","title":"M09: beide Serverfunktionen laufen hinter requireSupabaseAuth","duration":2.2574109999995926,"failureMessages":[],"meta":{},"tags":[]},{"ancestorTitles":["BSF-03 Serverfunktionen (M09–M12)"],"fullName":"BSF-03 Serverfunktionen (M09–M12) M10: keine Service Role / kein Admin-Client im User-Pfad","status":"passed","title":"M10: keine Service Role / kein Admin-Client im User-Pfad","duration":1.2328029999998762,"failureMessages":[],"meta":{},"tags":[]},{"ancestorTitles":["BSF-03 Serverfunktionen (M09–M12)"],"fullName":"BSF-03 Serverfunktionen (M09–M12) M11: Detail nutzt beide Scope-IDs, prüft dashboard.view und is_my_customer, lehnt generisch ab","status":"passed","title":"M11: Detail nutzt beide Scope-IDs, prüft dashboard.view und is_my_customer, lehnt generisch ab","duration":0.677281000000221,"failureMessages":[],"meta":{},"tags":[]},{"ancestorTitles":["BSF-03 Serverfunktionen (M09–M12)"],"fullName":"BSF-03 Serverfunktionen (M09–M12) M12: Adapter liest nur eigene aktive Responsibilities und ruft is_my_customer auf","status":"passed","title":"M12: Adapter liest nur eigene aktive Responsibilities und ruft is_my_customer auf","duration":0.39580600000044797,"failureMessages":[],"meta":{},"tags":[]},{"ancestorTitles":["BSF-03 Serverfunktionen (M09–M12)"],"fullName":"BSF-03 Serverfunktionen (M09–M12) M13: Read-/Write-Indikator und Verantwortlicher stammen nur aus eigenen Zeilen (user_id = Token)","status":"passed","title":"M13: Read-/Write-Indikator und Verantwortlicher stammen nur aus eigenen Zeilen (user_id = Token)","duration":0.9581010000001697,"failureMessages":[],"meta":{},"tags":[]},{"ancestorTitles":["BSF-03 Serverfunktionen (M09–M12)"],"fullName":"BSF-03 Serverfunktionen (M09–M12) Detailroute hat keine Variante nur über customerId","status":"passed","title":"Detailroute hat keine Variante nur über customerId","duration":0.546186000000489,"failureMessages":[],"meta":{},"tags":[]}],"startTime":1789338777313,"endTime":1789338777318.5461,"status":"passed","message":"","name":"/dev-server/src/__tests__/security/my-customers-functions.test.ts"},{"assertionResults":[{"ancestorTitles":["Security – RBAC-Grenzen"],"fullName":"Security – RBAC-Grenzen should_notAllowRoleManage_when_notSystemAdministrator","status":"passed","title":"should_notAllowRoleManage_when_notSystemAdministrator","duration":3.8102749999998196,"failureMessages":[],"meta":{},"tags":[]},{"ancestorTitles":["Security – RBAC-Grenzen"],"fullName":"Security – RBAC-Grenzen should_notAllowAzureDatabaseBuild_when_notSystemAdministrator","status":"passed","title":"should_notAllowAzureDatabaseBuild_when_notSystemAdministrator","duration":1.2948249999999462,"failureMessages":[],"meta":{},"tags":[]}],"startTime":1789338776895,"endTime":1789338776900.295,"status":"passed","message":"","name":"/dev-server/src/__tests__/security/rbac-endpoints.test.ts"},{"assertionResults":[{"ancestorTitles":["RBAC v1 – Matrix-Parität FE↔BE"],"fullName":"RBAC v1 – Matrix-Parität FE↔BE should_haveIdenticalPermissionLists_when_comparingFrontendAndBackend","status":"passed","title":"should_haveIdenticalPermissionLists_when_comparingFrontendAndBackend","duration":2.201793999999609,"failureMessages":[],"meta":{},"tags":[]},{"ancestorTitles":["RBAC v1 – Matrix-Parität FE↔BE"],"fullName":"RBAC v1 – Matrix-Parität FE↔BE should_matchPerRole_when_comparingRolePermissionMap","status":"passed","title":"should_matchPerRole_when_comparingRolePermissionMap","duration":1.1543400000000474,"failureMessages":[],"meta":{},"tags":[]},{"ancestorTitles":["RBAC v1 – Matrix-Parität FE↔BE"],"fullName":"RBAC v1 – Matrix-Parität FE↔BE should_denyEveryPermission_when_userIsNull","status":"passed","title":"should_denyEveryPermission_when_userIsNull","duration":0.9994340000002921,"failureMessages":[],"meta":{},"tags":[]},{"ancestorTitles":["RBAC v1 – verbotene Berechtigungen"],"fullName":"RBAC v1 – verbotene Berechtigungen should_grantOnlyToSystemadministrator_when_permissionIs_roles.manage","status":"passed","title":"should_grantOnlyToSystemadministrator_when_permissionIs_roles.manage","duration":2.0079619999996794,"failureMessages":[],"meta":{},"tags":[]},{"ancestorTitles":["RBAC v1 – verbotene Berechtigungen"],"fullName":"RBAC v1 – verbotene Berechtigungen should_grantOnlyToSystemadministrator_when_permissionIs_azure.database.build","status":"passed","title":"should_grantOnlyToSystemadministrator_when_permissionIs_azure.database.build","duration":1.0096570000005158,"failureMessages":[],"meta":{},"tags":[]},{"ancestorTitles":["RBAC v1 – verbotene Berechtigungen"],"fullName":"RBAC v1 – verbotene Berechtigungen should_grantOnlyToSysadminOrAdmin_when_permissionIs_users.manage","status":"passed","title":"should_grantOnlyToSysadminOrAdmin_when_permissionIs_users.manage","duration":0.6995550000001458,"failureMessages":[],"meta":{},"tags":[]},{"ancestorTitles":["RBAC v1 – verbotene Berechtigungen"],"fullName":"RBAC v1 – verbotene Berechtigungen should_grantOnlyToSysadminOrAdmin_when_permissionIs_auditlog.view","status":"passed","title":"should_grantOnlyToSysadminOrAdmin_when_permissionIs_auditlog.view","duration":0.4888600000003862,"failureMessages":[],"meta":{},"tags":[]},{"ancestorTitles":["RBAC v1 – verbotene Berechtigungen"],"fullName":"RBAC v1 – verbotene Berechtigungen should_grantOnlyToSysadminOrAdmin_when_permissionIs_backup.restore","status":"passed","title":"should_grantOnlyToSysadminOrAdmin_when_permissionIs_backup.restore","duration":0.34016799999972136,"failureMessages":[],"meta":{},"tags":[]},{"ancestorTitles":["RBAC v1 – verbotene Berechtigungen"],"fullName":"RBAC v1 – verbotene Berechtigungen should_notGrantAnyEditOrAzurePermission_when_roleIsViewerOrCustomer","status":"passed","title":"should_notGrantAnyEditOrAzurePermission_when_roleIsViewerOrCustomer","duration":0.9827020000002449,"failureMessages":[],"meta":{},"tags":[]},{"ancestorTitles":["RBAC v1 – verbotene Berechtigungen"],"fullName":"RBAC v1 – verbotene Berechtigungen should_backendAgree_when_forbiddenPermissionIsChecked","status":"passed","title":"should_backendAgree_when_forbiddenPermissionIsChecked","duration":0.59150899999986,"failureMessages":[],"meta":{},"tags":[]},{"ancestorTitles":["RBAC v1 – verbotene Berechtigungen"],"fullName":"RBAC v1 – verbotene Berechtigungen should_throw_when_requirePermissionMissesPermission","status":"passed","title":"should_throw_when_requirePermissionMissesPermission","duration":1.027700999999979,"failureMessages":[],"meta":{},"tags":[]},{"ancestorTitles":["RBAC v1 – Sysadmin/Admin Lockout-Schutz"],"fullName":"RBAC v1 – Sysadmin/Admin Lockout-Schutz should_blockDelete_when_deletingLastActiveSysadmin","status":"passed","title":"should_blockDelete_when_deletingLastActiveSysadmin","duration":5.145592000000761,"failureMessages":[],"meta":{},"tags":[]},{"ancestorTitles":["RBAC v1 – Sysadmin/Admin Lockout-Schutz"],"fullName":"RBAC v1 – Sysadmin/Admin Lockout-Schutz should_blockDemote_when_demotingLastActiveSysadmin","status":"passed","title":"should_blockDemote_when_demotingLastActiveSysadmin","duration":1.2430059999996956,"failureMessages":[],"meta":{},"tags":[]},{"ancestorTitles":["RBAC v1 – Sysadmin/Admin Lockout-Schutz"],"fullName":"RBAC v1 – Sysadmin/Admin Lockout-Schutz should_blockDeactivate_when_deactivatingLastActiveSysadmin","status":"passed","title":"should_blockDeactivate_when_deactivatingLastActiveSysadmin","duration":0.8366840000007869,"failureMessages":[],"meta":{},"tags":[]},{"ancestorTitles":["RBAC v1 – Sysadmin/Admin Lockout-Schutz"],"fullName":"RBAC v1 – Sysadmin/Admin Lockout-Schutz should_blockDelete_when_deletingLastActiveAdministrator","status":"passed","title":"should_blockDelete_when_deletingLastActiveAdministrator","duration":1.2852560000001176,"failureMessages":[],"meta":{},"tags":[]},{"ancestorTitles":["RBAC v1 – verbotene Rollenwechsel"],"fullName":"RBAC v1 – verbotene Rollenwechsel should_recordActorRole_when_nonSysadminCreatesSysadmin","status":"passed","title":"should_recordActorRole_when_nonSysadminCreatesSysadmin","duration":0.7396230000003925,"failureMessages":[],"meta":{},"tags":[]}],"startTime":1789338777354,"endTime":1789338777375.7395,"status":"passed","message":"","name":"/dev-server/src/__tests__/security/rbac-v1.test.ts"},{"assertionResults":[{"ancestorTitles":["RBAC v2 – Scope-Utilities"],"fullName":"RBAC v2 – Scope-Utilities should_parseAndRoundtrip_when_scopeIs_*","status":"passed","title":"should_parseAndRoundtrip_when_scopeIs_*","duration":2.6429690000004484,"failureMessages":[],"meta":{},"tags":[]},{"ancestorTitles":["RBAC v2 – Scope-Utilities"],"fullName":"RBAC v2 – Scope-Utilities should_parseAndRoundtrip_when_scopeIs_systemhouse:acme","status":"passed","title":"should_parseAndRoundtrip_when_scopeIs_systemhouse:acme","duration":0.9214980000006108,"failureMessages":[],"meta":{},"tags":[]},{"ancestorTitles":["RBAC v2 – Scope-Utilities"],"fullName":"RBAC v2 – Scope-Utilities should_parseAndRoundtrip_when_scopeIs_systemhouse:acme/customer:c-42","status":"passed","title":"should_parseAndRoundtrip_when_scopeIs_systemhouse:acme/customer:c-42","duration":0.5178820000000997,"failureMessages":[],"meta":{},"tags":[]},{"ancestorTitles":["RBAC v2 – Scope-Utilities"],"fullName":"RBAC v2 – Scope-Utilities should_parseAndRoundtrip_when_scopeIs_tenant:acme","status":"passed","title":"should_parseAndRoundtrip_when_scopeIs_tenant:acme","duration":0.357108999999582,"failureMessages":[],"meta":{},"tags":[]},{"ancestorTitles":["RBAC v2 – Scope-Utilities"],"fullName":"RBAC v2 – Scope-Utilities should_parseAndRoundtrip_when_scopeIs_tenant:acme/customer:c-42","status":"passed","title":"should_parseAndRoundtrip_when_scopeIs_tenant:acme/customer:c-42","duration":0.3858909999999014,"failureMessages":[],"meta":{},"tags":[]},{"ancestorTitles":["RBAC v2 – Scope-Utilities"],"fullName":"RBAC v2 – Scope-Utilities should_throw_when_scopeSegmentIsMalformed","status":"passed","title":"should_throw_when_scopeSegmentIsMalformed","duration":1.0792079999991984,"failureMessages":[],"meta":{},"tags":[]},{"ancestorTitles":["RBAC v2 – Scope-Utilities"],"fullName":"RBAC v2 – Scope-Utilities should_matchWithWildcardsAndInheritance_when_scopeIncludesEvaluated","status":"passed","title":"should_matchWithWildcardsAndInheritance_when_scopeIncludesEvaluated","duration":0.9179549999998926,"failureMessages":[],"meta":{},"tags":[]},{"ancestorTitles":["RBAC v2 – Scope-Utilities"],"fullName":"RBAC v2 – Scope-Utilities should_returnNarrowerOrNull_when_narrowestScopeIsChecked","status":"passed","title":"should_returnNarrowerOrNull_when_narrowestScopeIsChecked","duration":0.5467229999994743,"failureMessages":[],"meta":{},"tags":[]},{"ancestorTitles":["RBAC v2 – Scope-Utilities"],"fullName":"RBAC v2 – Scope-Utilities should_acceptFixtureScope_when_parsingRealWorldExample_customer:c-42","status":"passed","title":"should_acceptFixtureScope_when_parsingRealWorldExample_customer:c-42","duration":1.088619000000108,"failureMessages":[],"meta":{},"tags":[]},{"ancestorTitles":["RBAC v2 – Scope-Utilities"],"fullName":"RBAC v2 – Scope-Utilities should_acceptFixtureScope_when_parsingRealWorldExample_azure.subscription:sub-01","status":"passed","title":"should_acceptFixtureScope_when_parsingRealWorldExample_azure.subscription:sub-01","duration":0.38716699999986304,"failureMessages":[],"meta":{},"tags":[]},{"ancestorTitles":["RBAC v2 – Scope-Utilities"],"fullName":"RBAC v2 – Scope-Utilities should_acceptFixtureScope_when_parsingRealWorldExample_azure.resourceGroup:rg-prod","status":"passed","title":"should_acceptFixtureScope_when_parsingRealWorldExample_azure.resourceGroup:rg-prod","duration":0.3765239999993355,"failureMessages":[],"meta":{},"tags":[]},{"ancestorTitles":["RBAC v2 – Scope-Utilities"],"fullName":"RBAC v2 – Scope-Utilities should_acceptFixtureScope_when_parsingRealWorldExample_systemhouse:sys-a/customer:c-42","status":"passed","title":"should_acceptFixtureScope_when_parsingRealWorldExample_systemhouse:sys-a/customer:c-42","duration":0.4285620000000563,"failureMessages":[],"meta":{},"tags":[]},{"ancestorTitles":["RBAC v2 – Assignment-Auswertung"],"fullName":"RBAC v2 – Assignment-Auswertung should_denyExpiredAssignment_when_evaluateAccessRunsAfterExpiry","status":"passed","title":"should_denyExpiredAssignment_when_evaluateAccessRunsAfterExpiry","duration":0.5121039999994537,"failureMessages":[],"meta":{},"tags":[]},{"ancestorTitles":["RBAC v2 – Assignment-Auswertung"],"fullName":"RBAC v2 – Assignment-Auswertung should_allowActiveAssignment_when_systemhouseScopeMatches","status":"passed","title":"should_allowActiveAssignment_when_systemhouseScopeMatches","duration":0.30087100000037026,"failureMessages":[],"meta":{},"tags":[]},{"ancestorTitles":["RBAC v2 – Assignment-Auswertung"],"fullName":"RBAC v2 – Assignment-Auswertung should_denyAssignment_when_systemhouseScopeDoesNotInclude","status":"passed","title":"should_denyAssignment_when_systemhouseScopeDoesNotInclude","duration":0.2739919999994527,"failureMessages":[],"meta":{},"tags":[]},{"ancestorTitles":["RBAC v2 – Assignment-Auswertung"],"fullName":"RBAC v2 – Assignment-Auswertung should_supportHistoricalTenantAssignment_withoutMixingScopeTypes","status":"passed","title":"should_supportHistoricalTenantAssignment_withoutMixingScopeTypes","duration":0.3191480000004958,"failureMessages":[],"meta":{},"tags":[]},{"ancestorTitles":["RBAC v2 – Assignment-Auswertung"],"fullName":"RBAC v2 – Assignment-Auswertung should_supportMultipleAssignments_when_oneMatches","status":"passed","title":"should_supportMultipleAssignments_when_oneMatches","duration":0.2314989999995305,"failureMessages":[],"meta":{},"tags":[]},{"ancestorTitles":["RBAC v2 – Assignment-Auswertung"],"fullName":"RBAC v2 – Assignment-Auswertung should_treatSourceAsInformational_when_sourceIs_local","status":"passed","title":"should_treatSourceAsInformational_when_sourceIs_local","duration":0.1819869999999355,"failureMessages":[],"meta":{},"tags":[]},{"ancestorTitles":["RBAC v2 – Assignment-Auswertung"],"fullName":"RBAC v2 – Assignment-Auswertung should_treatSourceAsInformational_when_sourceIs_entra","status":"passed","title":"should_treatSourceAsInformational_when_sourceIs_entra","duration":0.12716699999964476,"failureMessages":[],"meta":{},"tags":[]},{"ancestorTitles":["RBAC v2 – Assignment-Auswertung"],"fullName":"RBAC v2 – Assignment-Auswertung should_delegateToV1_when_noAssignmentsGiven","status":"passed","title":"should_delegateToV1_when_noAssignmentsGiven","duration":0.23249200000009296,"failureMessages":[],"meta":{},"tags":[]},{"ancestorTitles":["RBAC v2 – evaluateAccessV2 (native)"],"fullName":"RBAC v2 – evaluateAccessV2 (native) should_denyRevokedOrExpired_when_evaluateAccessV2Runs","status":"passed","title":"should_denyRevokedOrExpired_when_evaluateAccessV2Runs","duration":0.34621100000003935,"failureMessages":[],"meta":{},"tags":[]},{"ancestorTitles":["RBAC v2 – evaluateAccessV2 (native)"],"fullName":"RBAC v2 – evaluateAccessV2 (native) should_grant_when_assignmentHasMatchingSystemhouseScope","status":"passed","title":"should_grant_when_assignmentHasMatchingSystemhouseScope","duration":0.2498489999998128,"failureMessages":[],"meta":{},"tags":[]},{"ancestorTitles":["RBAC v2 – Sysadmin-Schutz kann nicht via v2 umgangen werden"],"fullName":"RBAC v2 – Sysadmin-Schutz kann nicht via v2 umgangen werden should_stillRespectV1MatrixForRoleManage_when_assignmentGrantsEngineerRole","status":"passed","title":"should_stillRespectV1MatrixForRoleManage_when_assignmentGrantsEngineerRole","duration":0.30844299999989744,"failureMessages":[],"meta":{},"tags":[]}],"startTime":1789338776952,"endTime":1789338776966.3083,"status":"passed","message":"","name":"/dev-server/src/__tests__/security/rbac-v2.test.ts"},{"assertionResults":[{"ancestorTitles":["TanStack Server Function CSRF protection"],"fullName":"TanStack Server Function CSRF protection should_registerCsrfMiddleware_forServerFunctions","status":"passed","title":"should_registerCsrfMiddleware_forServerFunctions","duration":1.6805440000007366,"failureMessages":[],"meta":{},"tags":[]},{"ancestorTitles":["TanStack Server Function CSRF protection"],"fullName":"TanStack Server Function CSRF protection should_notWeakenOrSuppress_theFrameworkCsrfGuard","status":"passed","title":"should_notWeakenOrSuppress_theFrameworkCsrfGuard","duration":0.9434449999998833,"failureMessages":[],"meta":{},"tags":[]}],"startTime":1789338777244,"endTime":1789338777246.9434,"status":"passed","message":"","name":"/dev-server/src/__tests__/security/serverfn-csrf.test.ts"},{"assertionResults":[{"ancestorTitles":["Administrative Passwortsetzung"],"fullName":"Administrative Passwortsetzung should_requireAuthenticatedSessionAndUsersManage","status":"passed","title":"should_requireAuthenticatedSessionAndUsersManage","duration":1.954359999999724,"failureMessages":[],"meta":{},"tags":[]},{"ancestorTitles":["Administrative Passwortsetzung"],"fullName":"Administrative Passwortsetzung should_protectOwnAccount","status":"passed","title":"should_protectOwnAccount","duration":0.6634930000000168,"failureMessages":[],"meta":{},"tags":[]},{"ancestorTitles":["Administrative Passwortsetzung"],"fullName":"Administrative Passwortsetzung should_protectSystemAdministratorTargets","status":"passed","title":"should_protectSystemAdministratorTargets","duration":0.4258690000006027,"failureMessages":[],"meta":{},"tags":[]},{"ancestorTitles":["Administrative Passwortsetzung"],"fullName":"Administrative Passwortsetzung should_enforcePasswordPolicyAndMaxLength","status":"passed","title":"should_enforcePasswordPolicyAndMaxLength","duration":0.4552110000004177,"failureMessages":[],"meta":{},"tags":[]},{"ancestorTitles":["Administrative Passwortsetzung"],"fullName":"Administrative Passwortsetzung should_throttleViaExistingAuditData","status":"passed","title":"should_throttleViaExistingAuditData","duration":0.4317639999999301,"failureMessages":[],"meta":{},"tags":[]},{"ancestorTitles":["Administrative Passwortsetzung"],"fullName":"Administrative Passwortsetzung should_notReturnOrAuditThePassword","status":"passed","title":"should_notReturnOrAuditThePassword","duration":0.8023069999999279,"failureMessages":[],"meta":{},"tags":[]},{"ancestorTitles":["Administrative Passwortsetzung"],"fullName":"Administrative Passwortsetzung should_loadPrivilegedClientOnlyOnServer","status":"passed","title":"should_loadPrivilegedClientOnlyOnServer","duration":0.5299230000000534,"failureMessages":[],"meta":{},"tags":[]},{"ancestorTitles":["Administrative Passwortsetzung"],"fullName":"Administrative Passwortsetzung should_notLogOrPersistThePasswordInTheBrowser","status":"passed","title":"should_notLogOrPersistThePasswordInTheBrowser","duration":0.42857999999978347,"failureMessages":[],"meta":{},"tags":[]},{"ancestorTitles":["Administrative Passwortsetzung"],"fullName":"Administrative Passwortsetzung should_notPromiseAnEnforcedPasswordChange","status":"passed","title":"should_notPromiseAnEnforcedPasswordChange","duration":0.7433810000002268,"failureMessages":[],"meta":{},"tags":[]},{"ancestorTitles":["Administrative Passwortsetzung"],"fullName":"Administrative Passwortsetzung should_notTouchIdentityProfileRoleOrAvkkAssignments","status":"passed","title":"should_notTouchIdentityProfileRoleOrAvkkAssignments","duration":0.43033699999978126,"failureMessages":[],"meta":{},"tags":[]}],"startTime":1789338777194,"endTime":1789338777201.4304,"status":"passed","message":"","name":"/dev-server/src/__tests__/security/set-account-password.test.ts"},{"assertionResults":[{"ancestorTitles":["Source-Scan – direkte Rollen-Vergleiche"],"fullName":"Source-Scan – direkte Rollen-Vergleiche should_notHaveDirectRoleEqualityChecks_outsideRbacModules","status":"passed","title":"should_notHaveDirectRoleEqualityChecks_outsideRbacModules","duration":141.79580200000055,"failureMessages":[],"meta":{},"tags":[]},{"ancestorTitles":["Source-Scan – keine Auth-Tokens in Browser-Storage"],"fullName":"Source-Scan – keine Auth-Tokens in Browser-Storage should_notPersistTokenLikeKeys_inLocalOrSessionStorage","status":"passed","title":"should_notPersistTokenLikeKeys_inLocalOrSessionStorage","duration":58.46059400000013,"failureMessages":[],"meta":{},"tags":[]},{"ancestorTitles":["Source-Scan – keine Auth-Tokens in Browser-Storage"],"fullName":"Source-Scan – keine Auth-Tokens in Browser-Storage should_notImportLocalStorageForAuth_inClientCode","status":"passed","title":"should_notImportLocalStorageForAuth_inClientCode","duration":32.09018699999979,"failureMessages":[],"meta":{},"tags":[]}],"startTime":1789338776881,"endTime":1789338777114.09,"status":"passed","message":"","name":"/dev-server/src/__tests__/security/source-scan.test.ts"},{"assertionResults":[{"ancestorTitles":["Supabase-Client — abgenommener Auth-Storage-Vertrag (425fbed)"],"fullName":"Supabase-Client — abgenommener Auth-Storage-Vertrag (425fbed) should_notImportPreviewAuthBroker_when_readingClient","status":"passed","title":"should_notImportPreviewAuthBroker_when_readingClient","duration":2.5755349999999453,"failureMessages":[],"meta":{},"tags":[]},{"ancestorTitles":["Supabase-Client — abgenommener Auth-Storage-Vertrag (425fbed)"],"fullName":"Supabase-Client — abgenommener Auth-Storage-Vertrag (425fbed) should_useLocalStorageOrUndefined_when_configuringAuthStorage","status":"passed","title":"should_useLocalStorageOrUndefined_when_configuringAuthStorage","duration":0.8120850000004793,"failureMessages":[],"meta":{},"tags":[]},{"ancestorTitles":["Supabase-Client — abgenommener Auth-Storage-Vertrag (425fbed)"],"fullName":"Supabase-Client — abgenommener Auth-Storage-Vertrag (425fbed) should_notExist_when_checkingPreviewAuthStorageFile","status":"passed","title":"should_notExist_when_checkingPreviewAuthStorageFile","duration":0.6810609999993176,"failureMessages":[],"meta":{},"tags":[]}],"startTime":1789338777178,"endTime":1789338777182.6812,"status":"passed","message":"","name":"/dev-server/src/__tests__/security/supabase-client-contract.test.ts"}]}