{"numTotalTestSuites":33,"numPassedTestSuites":31,"numFailedTestSuites":2,"numPendingTestSuites":0,"numTotalTests":73,"numPassedTests":72,"numFailedTests":1,"numPendingTests":0,"numTodoTests":0,"snapshot":{"added":0,"failure":false,"filesAdded":0,"filesRemoved":0,"filesRemovedList":[],"filesUnmatched":0,"filesUpdated":0,"matched":0,"total":0,"unchecked":0,"uncheckedKeysByFile":[],"unmatched":0,"updated":0,"didUpdate":false},"startTime":1784871919352,"success":false,"testResults":[{"assertionResults":[{"ancestorTitles":["api-discovery analyzers"],"fullName":"api-discovery analyzers extracts route path from createFileRoute","status":"passed","title":"extracts route path from createFileRoute","duration":2.7060210000008738,"failureMessages":[],"meta":{},"tags":[]},{"ancestorTitles":["api-discovery analyzers"],"fullName":"api-discovery analyzers detects registered HTTP methods","status":"passed","title":"detects registered HTTP methods","duration":2.3038049999995565,"failureMessages":[],"meta":{},"tags":[]},{"ancestorTitles":["api-discovery analyzers"],"fullName":"api-discovery analyzers recognises zod validation","status":"passed","title":"recognises zod validation","duration":1.0254899999999907,"failureMessages":[],"meta":{},"tags":[]},{"ancestorTitles":["api-discovery analyzers"],"fullName":"api-discovery analyzers recognises withCorrelation wrapper","status":"passed","title":"recognises withCorrelation wrapper","duration":0.7948849999993399,"failureMessages":[],"meta":{},"tags":[]},{"ancestorTitles":["api-discovery analyzers"],"fullName":"api-discovery analyzers recognises bearer auth and permission RPC guards","status":"passed","title":"recognises bearer auth and permission RPC guards","duration":1.190232000000833,"failureMessages":[],"meta":{},"tags":[]},{"ancestorTitles":["api-discovery analyzers"],"fullName":"api-discovery analyzers flags imports from archive/","status":"passed","title":"flags imports from archive/","duration":0.7540680000001885,"failureMessages":[],"meta":{},"tags":[]},{"ancestorTitles":["api-discovery analyzers"],"fullName":"api-discovery analyzers classifies endpoints by auth + prefix","status":"passed","title":"classifies endpoints by auth + prefix","duration":0.63941800000066,"failureMessages":[],"meta":{},"tags":[]},{"ancestorTitles":["api-discovery analyzers"],"fullName":"api-discovery analyzers extracts endpointMeta and prefers it over heuristics in classify()","status":"passed","title":"extracts endpointMeta and prefers it over heuristics in classify()","duration":9.757590000000164,"failureMessages":[],"meta":{},"tags":[]},{"ancestorTitles":["api-discovery exclude"],"fullName":"api-discovery exclude excludes archive/, tests, and __tests__ paths","status":"passed","title":"excludes archive/, tests, and __tests__ paths","duration":1.7534690000002229,"failureMessages":[],"meta":{},"tags":[]},{"ancestorTitles":["api-discovery walker + inventory (fixtures)"],"fullName":"api-discovery walker + inventory (fixtures) detects a new route, ignores archived, sorts deterministically","status":"passed","title":"detects a new route, ignores archived, sorts deterministically","duration":195.0823309999996,"failureMessages":[],"meta":{},"tags":[]},{"ancestorTitles":["api-discovery walker + inventory (fixtures)"],"fullName":"api-discovery walker + inventory (fixtures) honours endpointMeta.public and demands a reason","status":"passed","title":"honours endpointMeta.public and demands a reason","duration":94.85063399999945,"failureMessages":[],"meta":{},"tags":[]}],"startTime":1784871926888,"endTime":1784871927199.8506,"status":"passed","message":"","name":"/dev-server/src/__tests__/api-discovery/discovery.test.ts"},{"assertionResults":[{"ancestorTitles":["Logger-Redaction – Frontend"],"fullName":"Logger-Redaction – Frontend should_maskSecretKeys_when_redactCalled","status":"passed","title":"should_maskSecretKeys_when_redactCalled","duration":3.771219000000201,"failureMessages":[],"meta":{},"tags":[]},{"ancestorTitles":["Logger-Redaction – Frontend"],"fullName":"Logger-Redaction – Frontend should_maskJwtLikeStringValues_regardlessOfKey","status":"passed","title":"should_maskJwtLikeStringValues_regardlessOfKey","duration":0.8722259999995003,"failureMessages":[],"meta":{},"tags":[]},{"ancestorTitles":["Logger-Redaction – Frontend"],"fullName":"Logger-Redaction – Frontend should_preserveActorAndCorrelation_when_redacting","status":"passed","title":"should_preserveActorAndCorrelation_when_redacting","duration":0.7005660000004355,"failureMessages":[],"meta":{},"tags":[]},{"ancestorTitles":["Logger-Redaction – Frontend"],"fullName":"Logger-Redaction – Frontend should_recurseIntoNestedObjectsAndArrays","status":"passed","title":"should_recurseIntoNestedObjectsAndArrays","duration":0.7331059999996796,"failureMessages":[],"meta":{},"tags":[]},{"ancestorTitles":["Logger-Redaction – Backend"],"fullName":"Logger-Redaction – Backend should_maskSecretKeys_when_backendRedactCalled","status":"passed","title":"should_maskSecretKeys_when_backendRedactCalled","duration":0.9278770000000804,"failureMessages":[],"meta":{},"tags":[]},{"ancestorTitles":["Logger-Redaction – Backend"],"fullName":"Logger-Redaction – Backend should_notLeakConnectionStringInLogOutput","status":"passed","title":"should_notLeakConnectionStringInLogOutput","duration":0.3825859999997192,"failureMessages":[],"meta":{},"tags":[]},{"ancestorTitles":["Logger-Ausgabe – kein Secret-Leak in echten Aufrufen"],"fullName":"Logger-Ausgabe – kein Secret-Leak in echten Aufrufen should_notPrintRawSecret_when_frontendLoggerWarnsWithSensitiveContext","status":"passed","title":"should_notPrintRawSecret_when_frontendLoggerWarnsWithSensitiveContext","duration":8.3626890000005,"failureMessages":[],"meta":{},"tags":[]},{"ancestorTitles":["Logger-Ausgabe – kein Secret-Leak in echten Aufrufen"],"fullName":"Logger-Ausgabe – kein Secret-Leak in echten Aufrufen should_notPrintRawSecret_when_backendLoggerWarnsWithSensitiveContext","status":"passed","title":"should_notPrintRawSecret_when_backendLoggerWarnsWithSensitiveContext","duration":1.290291000000252,"failureMessages":[],"meta":{},"tags":[]}],"startTime":1784871926967,"endTime":1784871926985.2903,"status":"passed","message":"","name":"/dev-server/src/__tests__/security/logging.test.ts"},{"assertionResults":[{"ancestorTitles":["Manipulation – localStorage-Tampering (SEC-CRIT-002 behoben)"],"fullName":"Manipulation – localStorage-Tampering (SEC-CRIT-002 behoben) should_ignoreForgedLocalStorage_when_deriveRoleFromSession","status":"passed","title":"should_ignoreForgedLocalStorage_when_deriveRoleFromSession","duration":68.67352399999982,"failureMessages":[],"meta":{},"tags":[]},{"ancestorTitles":["Manipulation – localStorage-Tampering (SEC-CRIT-002 behoben)"],"fullName":"Manipulation – localStorage-Tampering (SEC-CRIT-002 behoben) should_denyUiGate_when_activeUserRoleIsViewer","status":"passed","title":"should_denyUiGate_when_activeUserRoleIsViewer","duration":6.130866999999853,"failureMessages":[],"meta":{},"tags":[]},{"ancestorTitles":["Manipulation – localStorage-Tampering (SEC-CRIT-002 behoben)"],"fullName":"Manipulation – localStorage-Tampering (SEC-CRIT-002 behoben) should_resetBootstrap_when_activeUserPointsToUnknownId","status":"passed","title":"should_resetBootstrap_when_activeUserPointsToUnknownId","duration":1.7608840000002601,"failureMessages":[],"meta":{},"tags":[]},{"ancestorTitles":["Manipulation – Assignment-Injection (Import-Pipeline)"],"fullName":"Manipulation – Assignment-Injection (Import-Pipeline) should_rejectImport_when_envelopeHasWrongShape","status":"passed","title":"should_rejectImport_when_envelopeHasWrongShape","duration":5.092283000000862,"failureMessages":[],"meta":{},"tags":[]},{"ancestorTitles":["Manipulation – Assignment-Injection (Import-Pipeline)"],"fullName":"Manipulation – Assignment-Injection (Import-Pipeline) should_stripSensitiveFields_when_importPayloadContainsThem","status":"passed","title":"should_stripSensitiveFields_when_importPayloadContainsThem","duration":1.215078000000176,"failureMessages":[],"meta":{},"tags":[]},{"ancestorTitles":["Manipulation – Assignment-Injection (Import-Pipeline)"],"fullName":"Manipulation – Assignment-Injection (Import-Pipeline) should_notInterpretUserSuppliedAssignments_when_envelopeHasNoAssignmentsField","status":"passed","title":"should_notInterpretUserSuppliedAssignments_when_envelopeHasNoAssignmentsField","duration":1.8654999999998836,"failureMessages":[],"meta":{},"tags":[]},{"ancestorTitles":["Manipulation – Replay abgelaufener / manipulierter Assignments"],"fullName":"Manipulation – Replay abgelaufener / manipulierter Assignments should_denyAccess_when_replayingExpiredAssignment","status":"passed","title":"should_denyAccess_when_replayingExpiredAssignment","duration":0.6957119999997303,"failureMessages":[],"meta":{},"tags":[]},{"ancestorTitles":["Manipulation – Replay abgelaufener / manipulierter Assignments"],"fullName":"Manipulation – Replay abgelaufener / manipulierter Assignments should_denyAccess_when_scopePayloadMismatch","status":"passed","title":"should_denyAccess_when_scopePayloadMismatch","duration":0.5372120000001814,"failureMessages":[],"meta":{},"tags":[]},{"ancestorTitles":["Manipulation – Replay abgelaufener / manipulierter Assignments"],"fullName":"Manipulation – Replay abgelaufener / manipulierter Assignments should_documentPurePermissionHelperBoundary_when_calledWithForgedRole","status":"passed","title":"should_documentPurePermissionHelperBoundary_when_calledWithForgedRole","duration":0.7198680000001332,"failureMessages":[],"meta":{},"tags":[]}],"startTime":1784871927292,"endTime":1784871927380.72,"status":"passed","message":"","name":"/dev-server/src/__tests__/security/manipulation.test.tsx"},{"assertionResults":[{"ancestorTitles":["Security – RBAC-Grenzen"],"fullName":"Security – RBAC-Grenzen should_notAllowRoleManage_when_notSystemAdministrator","status":"passed","title":"should_notAllowRoleManage_when_notSystemAdministrator","duration":10.899580999999671,"failureMessages":[],"meta":{},"tags":[]},{"ancestorTitles":["Security – RBAC-Grenzen"],"fullName":"Security – RBAC-Grenzen should_notAllowAzureDatabaseBuild_when_notSystemAdministrator","status":"passed","title":"should_notAllowAzureDatabaseBuild_when_notSystemAdministrator","duration":2.0500080000001617,"failureMessages":[],"meta":{},"tags":[]}],"startTime":1784871927194,"endTime":1784871927209.05,"status":"passed","message":"","name":"/dev-server/src/__tests__/security/rbac-endpoints.test.ts"},{"assertionResults":[{"ancestorTitles":["RBAC v1 – Matrix-Parität FE↔BE"],"fullName":"RBAC v1 – Matrix-Parität FE↔BE should_haveIdenticalPermissionLists_when_comparingFrontendAndBackend","status":"passed","title":"should_haveIdenticalPermissionLists_when_comparingFrontendAndBackend","duration":3.7925909999994474,"failureMessages":[],"meta":{},"tags":[]},{"ancestorTitles":["RBAC v1 – Matrix-Parität FE↔BE"],"fullName":"RBAC v1 – Matrix-Parität FE↔BE should_matchPerRole_when_comparingRolePermissionMap","status":"passed","title":"should_matchPerRole_when_comparingRolePermissionMap","duration":1.7478339999997843,"failureMessages":[],"meta":{},"tags":[]},{"ancestorTitles":["RBAC v1 – Matrix-Parität FE↔BE"],"fullName":"RBAC v1 – Matrix-Parität FE↔BE should_denyEveryPermission_when_userIsNull","status":"passed","title":"should_denyEveryPermission_when_userIsNull","duration":1.9433360000002722,"failureMessages":[],"meta":{},"tags":[]},{"ancestorTitles":["RBAC v1 – verbotene Berechtigungen"],"fullName":"RBAC v1 – verbotene Berechtigungen should_grantOnlyToSystemadministrator_when_permissionIs_roles.manage","status":"passed","title":"should_grantOnlyToSystemadministrator_when_permissionIs_roles.manage","duration":2.252317000000403,"failureMessages":[],"meta":{},"tags":[]},{"ancestorTitles":["RBAC v1 – verbotene Berechtigungen"],"fullName":"RBAC v1 – verbotene Berechtigungen should_grantOnlyToSystemadministrator_when_permissionIs_azure.database.build","status":"passed","title":"should_grantOnlyToSystemadministrator_when_permissionIs_azure.database.build","duration":1.11008000000038,"failureMessages":[],"meta":{},"tags":[]},{"ancestorTitles":["RBAC v1 – verbotene Berechtigungen"],"fullName":"RBAC v1 – verbotene Berechtigungen should_grantOnlyToSysadminOrAdmin_when_permissionIs_users.manage","status":"passed","title":"should_grantOnlyToSysadminOrAdmin_when_permissionIs_users.manage","duration":0.8386390000005122,"failureMessages":[],"meta":{},"tags":[]},{"ancestorTitles":["RBAC v1 – verbotene Berechtigungen"],"fullName":"RBAC v1 – verbotene Berechtigungen should_grantOnlyToSysadminOrAdmin_when_permissionIs_auditlog.view","status":"passed","title":"should_grantOnlyToSysadminOrAdmin_when_permissionIs_auditlog.view","duration":0.6263060000001133,"failureMessages":[],"meta":{},"tags":[]},{"ancestorTitles":["RBAC v1 – verbotene Berechtigungen"],"fullName":"RBAC v1 – verbotene Berechtigungen should_grantOnlyToSysadminOrAdmin_when_permissionIs_backup.restore","status":"passed","title":"should_grantOnlyToSysadminOrAdmin_when_permissionIs_backup.restore","duration":0.6435320000000502,"failureMessages":[],"meta":{},"tags":[]},{"ancestorTitles":["RBAC v1 – verbotene Berechtigungen"],"fullName":"RBAC v1 – verbotene Berechtigungen should_notGrantAnyEditOrAzurePermission_when_roleIsViewerOrCustomer","status":"passed","title":"should_notGrantAnyEditOrAzurePermission_when_roleIsViewerOrCustomer","duration":5.981227000000217,"failureMessages":[],"meta":{},"tags":[]},{"ancestorTitles":["RBAC v1 – verbotene Berechtigungen"],"fullName":"RBAC v1 – verbotene Berechtigungen should_backendAgree_when_forbiddenPermissionIsChecked","status":"passed","title":"should_backendAgree_when_forbiddenPermissionIsChecked","duration":0.5833139999995183,"failureMessages":[],"meta":{},"tags":[]},{"ancestorTitles":["RBAC v1 – verbotene Berechtigungen"],"fullName":"RBAC v1 – verbotene Berechtigungen should_throw_when_requirePermissionMissesPermission","status":"passed","title":"should_throw_when_requirePermissionMissesPermission","duration":2.885906999999861,"failureMessages":[],"meta":{},"tags":[]},{"ancestorTitles":["RBAC v1 – Sysadmin/Admin Lockout-Schutz"],"fullName":"RBAC v1 – Sysadmin/Admin Lockout-Schutz should_blockDelete_when_deletingLastActiveSysadmin","status":"passed","title":"should_blockDelete_when_deletingLastActiveSysadmin","duration":7.545727000000625,"failureMessages":[],"meta":{},"tags":[]},{"ancestorTitles":["RBAC v1 – Sysadmin/Admin Lockout-Schutz"],"fullName":"RBAC v1 – Sysadmin/Admin Lockout-Schutz should_blockDemote_when_demotingLastActiveSysadmin","status":"passed","title":"should_blockDemote_when_demotingLastActiveSysadmin","duration":1.762416999999914,"failureMessages":[],"meta":{},"tags":[]},{"ancestorTitles":["RBAC v1 – Sysadmin/Admin Lockout-Schutz"],"fullName":"RBAC v1 – Sysadmin/Admin Lockout-Schutz should_blockDeactivate_when_deactivatingLastActiveSysadmin","status":"passed","title":"should_blockDeactivate_when_deactivatingLastActiveSysadmin","duration":1.213647999999921,"failureMessages":[],"meta":{},"tags":[]},{"ancestorTitles":["RBAC v1 – Sysadmin/Admin Lockout-Schutz"],"fullName":"RBAC v1 – Sysadmin/Admin Lockout-Schutz should_blockDelete_when_deletingLastActiveAdministrator","status":"passed","title":"should_blockDelete_when_deletingLastActiveAdministrator","duration":1.7780420000008235,"failureMessages":[],"meta":{},"tags":[]},{"ancestorTitles":["RBAC v1 – verbotene Rollenwechsel"],"fullName":"RBAC v1 – verbotene Rollenwechsel should_recordActorRole_when_nonSysadminCreatesSysadmin","status":"passed","title":"should_recordActorRole_when_nonSysadminCreatesSysadmin","duration":1.0397089999996751,"failureMessages":[],"meta":{},"tags":[]}],"startTime":1784871926994,"endTime":1784871927031.0398,"status":"passed","message":"","name":"/dev-server/src/__tests__/security/rbac-v1.test.ts"},{"assertionResults":[{"ancestorTitles":["RBAC v2 – Scope-Utilities"],"fullName":"RBAC v2 – Scope-Utilities should_parseAndRoundtrip_when_scopeIs_*","status":"passed","title":"should_parseAndRoundtrip_when_scopeIs_*","duration":6.262821000000258,"failureMessages":[],"meta":{},"tags":[]},{"ancestorTitles":["RBAC v2 – Scope-Utilities"],"fullName":"RBAC v2 – Scope-Utilities should_parseAndRoundtrip_when_scopeIs_tenant:acme","status":"passed","title":"should_parseAndRoundtrip_when_scopeIs_tenant:acme","duration":0.927759000000151,"failureMessages":[],"meta":{},"tags":[]},{"ancestorTitles":["RBAC v2 – Scope-Utilities"],"fullName":"RBAC v2 – Scope-Utilities should_parseAndRoundtrip_when_scopeIs_tenant:acme/customer:c-42","status":"passed","title":"should_parseAndRoundtrip_when_scopeIs_tenant:acme/customer:c-42","duration":0.7576779999999417,"failureMessages":[],"meta":{},"tags":[]},{"ancestorTitles":["RBAC v2 – Scope-Utilities"],"fullName":"RBAC v2 – Scope-Utilities should_throw_when_scopeSegmentIsMalformed","status":"passed","title":"should_throw_when_scopeSegmentIsMalformed","duration":2.1830909999998767,"failureMessages":[],"meta":{},"tags":[]},{"ancestorTitles":["RBAC v2 – Scope-Utilities"],"fullName":"RBAC v2 – Scope-Utilities should_matchWithWildcardsAndInheritance_when_scopeIncludesEvaluated","status":"passed","title":"should_matchWithWildcardsAndInheritance_when_scopeIncludesEvaluated","duration":5.09288800000013,"failureMessages":[],"meta":{},"tags":[]},{"ancestorTitles":["RBAC v2 – Scope-Utilities"],"fullName":"RBAC v2 – Scope-Utilities should_returnNarrowerOrNull_when_narrowestScopeIsChecked","status":"passed","title":"should_returnNarrowerOrNull_when_narrowestScopeIsChecked","duration":4.413075999999819,"failureMessages":[],"meta":{},"tags":[]},{"ancestorTitles":["RBAC v2 – Scope-Utilities"],"fullName":"RBAC v2 – Scope-Utilities should_acceptFixtureScope_when_parsingRealWorldExample_customer:c-42","status":"passed","title":"should_acceptFixtureScope_when_parsingRealWorldExample_customer:c-42","duration":4.9646359999997,"failureMessages":[],"meta":{},"tags":[]},{"ancestorTitles":["RBAC v2 – Scope-Utilities"],"fullName":"RBAC v2 – Scope-Utilities should_acceptFixtureScope_when_parsingRealWorldExample_azure.subscription:sub-01","status":"passed","title":"should_acceptFixtureScope_when_parsingRealWorldExample_azure.subscription:sub-01","duration":0.38289700000041194,"failureMessages":[],"meta":{},"tags":[]},{"ancestorTitles":["RBAC v2 – Scope-Utilities"],"fullName":"RBAC v2 – Scope-Utilities should_acceptFixtureScope_when_parsingRealWorldExample_azure.resourceGroup:rg-prod","status":"passed","title":"should_acceptFixtureScope_when_parsingRealWorldExample_azure.resourceGroup:rg-prod","duration":2.3201920000001337,"failureMessages":[],"meta":{},"tags":[]},{"ancestorTitles":["RBAC v2 – Assignment-Auswertung"],"fullName":"RBAC v2 – Assignment-Auswertung should_denyExpiredAssignment_when_evaluateAccessRunsAfterExpiry","status":"passed","title":"should_denyExpiredAssignment_when_evaluateAccessRunsAfterExpiry","duration":7.421556999999666,"failureMessages":[],"meta":{},"tags":[]},{"ancestorTitles":["RBAC v2 – Assignment-Auswertung"],"fullName":"RBAC v2 – Assignment-Auswertung should_allowActiveAssignment_when_scopeMatches","status":"passed","title":"should_allowActiveAssignment_when_scopeMatches","duration":0.35809599999993225,"failureMessages":[],"meta":{},"tags":[]},{"ancestorTitles":["RBAC v2 – Assignment-Auswertung"],"fullName":"RBAC v2 – Assignment-Auswertung should_denyAssignment_when_scopeDoesNotInclude","status":"passed","title":"should_denyAssignment_when_scopeDoesNotInclude","duration":0.6498200000005454,"failureMessages":[],"meta":{},"tags":[]},{"ancestorTitles":["RBAC v2 – Assignment-Auswertung"],"fullName":"RBAC v2 – Assignment-Auswertung should_supportMultipleAssignments_when_oneMatches","status":"passed","title":"should_supportMultipleAssignments_when_oneMatches","duration":0.3626409999997122,"failureMessages":[],"meta":{},"tags":[]},{"ancestorTitles":["RBAC v2 – Assignment-Auswertung"],"fullName":"RBAC v2 – Assignment-Auswertung should_treatSourceAsInformational_when_sourceIs_local","status":"passed","title":"should_treatSourceAsInformational_when_sourceIs_local","duration":0.22881899999993038,"failureMessages":[],"meta":{},"tags":[]},{"ancestorTitles":["RBAC v2 – Assignment-Auswertung"],"fullName":"RBAC v2 – Assignment-Auswertung should_treatSourceAsInformational_when_sourceIs_entra","status":"passed","title":"should_treatSourceAsInformational_when_sourceIs_entra","duration":0.14268799999990733,"failureMessages":[],"meta":{},"tags":[]},{"ancestorTitles":["RBAC v2 – Assignment-Auswertung"],"fullName":"RBAC v2 – Assignment-Auswertung should_delegateToV1_when_noAssignmentsGiven","status":"passed","title":"should_delegateToV1_when_noAssignmentsGiven","duration":0.18454099999962637,"failureMessages":[],"meta":{},"tags":[]},{"ancestorTitles":["RBAC v2 – evaluateAccessV2 (native)"],"fullName":"RBAC v2 – evaluateAccessV2 (native) should_denyRevokedOrExpired_when_evaluateAccessV2Runs","status":"passed","title":"should_denyRevokedOrExpired_when_evaluateAccessV2Runs","duration":0.3465649999998277,"failureMessages":[],"meta":{},"tags":[]},{"ancestorTitles":["RBAC v2 – evaluateAccessV2 (native)"],"fullName":"RBAC v2 – evaluateAccessV2 (native) should_grant_when_assignmentHasMatchingPermissionAndScope","status":"passed","title":"should_grant_when_assignmentHasMatchingPermissionAndScope","duration":0.17565900000045076,"failureMessages":[],"meta":{},"tags":[]},{"ancestorTitles":["RBAC v2 – Sysadmin-Schutz kann nicht via v2 umgangen werden"],"fullName":"RBAC v2 – Sysadmin-Schutz kann nicht via v2 umgangen werden should_stillRespectV1MatrixForRoleManage_when_assignmentGrantsEngineerRole","status":"passed","title":"should_stillRespectV1MatrixForRoleManage_when_assignmentGrantsEngineerRole","duration":0.1870070000004489,"failureMessages":[],"meta":{},"tags":[]}],"startTime":1784871926978,"endTime":1784871927017.3467,"status":"passed","message":"","name":"/dev-server/src/__tests__/security/rbac-v2.test.ts"},{"assertionResults":[{"ancestorTitles":["Source-Scan – direkte Rollen-Vergleiche"],"fullName":"Source-Scan – direkte Rollen-Vergleiche should_notHaveDirectRoleEqualityChecks_outsideRbacModules","status":"failed","title":"should_notHaveDirectRoleEqualityChecks_outsideRbacModules","duration":40.51184699999976,"failureMessages":["AssertionError: Nutze can()/PermissionGate statt role===. Offenders:\n/src/lib/users-supabase-service.ts: expected [ Array(1) ] to deeply equal []\n    at /dev-server/src/__tests__/security/source-scan.test.ts:63:104\n    at file:///dev-server/node_modules/@vitest/runner/dist/chunk-artifact.js:302:11\n    at file:///dev-server/node_modules/@vitest/runner/dist/chunk-artifact.js:1903:26\n    at file:///dev-server/node_modules/@vitest/runner/dist/chunk-artifact.js:2326:20\n    at new Promise (<anonymous>)\n    at runWithCancel (file:///dev-server/node_modules/@vitest/runner/dist/chunk-artifact.js:2323:10)\n    at file:///dev-server/node_modules/@vitest/runner/dist/chunk-artifact.js:2305:20\n    at new Promise (<anonymous>)\n    at runWithTimeout (file:///dev-server/node_modules/@vitest/runner/dist/chunk-artifact.js:2272:10)\n    at file:///dev-server/node_modules/@vitest/runner/dist/chunk-artifact.js:2955:64"],"meta":{},"tags":[]},{"ancestorTitles":["Source-Scan – keine Auth-Tokens in Browser-Storage"],"fullName":"Source-Scan – keine Auth-Tokens in Browser-Storage should_notPersistTokenLikeKeys_inLocalOrSessionStorage","status":"passed","title":"should_notPersistTokenLikeKeys_inLocalOrSessionStorage","duration":18.430167999999867,"failureMessages":[],"meta":{},"tags":[]},{"ancestorTitles":["Source-Scan – keine Auth-Tokens in Browser-Storage"],"fullName":"Source-Scan – keine Auth-Tokens in Browser-Storage should_notImportLocalStorageForAuth_inClientCode","status":"passed","title":"should_notImportLocalStorageForAuth_inClientCode","duration":15.947674999999435,"failureMessages":[],"meta":{},"tags":[]}],"startTime":1784871927431,"endTime":1784871927505.9478,"status":"failed","message":"","name":"/dev-server/src/__tests__/security/source-scan.test.ts"},{"assertionResults":[{"ancestorTitles":["api functional coverage"],"fullName":"api functional coverage inventory-present","status":"passed","title":"inventory-present","duration":2.7474620000002687,"failureMessages":[],"meta":{},"tags":[]},{"ancestorTitles":["api functional coverage"],"fullName":"api functional coverage coverage documented for status","status":"passed","title":"coverage documented for status","duration":0.8544050000000425,"failureMessages":[],"meta":{},"tags":[]},{"ancestorTitles":["api functional coverage"],"fullName":"api functional coverage coverage documented for sync","status":"passed","title":"coverage documented for sync","duration":0.49618399999963003,"failureMessages":[],"meta":{},"tags":[]}],"startTime":1784871926880,"endTime":1784871926884.496,"status":"passed","message":"","name":"/dev-server/src/__tests__/api/functional/functional.test.ts"},{"assertionResults":[{"ancestorTitles":["api smoke (inventory-driven)","status (/api/status)"],"fullName":"api smoke (inventory-driven) status (/api/status) smoke-runs","status":"passed","title":"smoke-runs","duration":576.4991669999999,"failureMessages":[],"meta":{},"tags":[]},{"ancestorTitles":["api smoke (inventory-driven)","sync (/api/sync)"],"fullName":"api smoke (inventory-driven) sync (/api/sync) smoke-runs","status":"passed","title":"smoke-runs","duration":94.17969999999968,"failureMessages":[],"meta":{},"tags":[]}],"startTime":1784871926862,"endTime":1784871927534.1797,"status":"passed","message":"","name":"/dev-server/src/__tests__/api/smoke/smoke.test.ts"}]}